[ 2016-01-30T19:01:02+08:00 ] ::1 ::1 /
[log] localhost/ [运行时间：0.078005s] [吞吐率：12.82req/s] [内存消耗：1,329.13kb] [文件加载：34]
[notic] [2048] Declaration of app\index\controller\Index::show() should be compatible with think\Controller::show($content, $vars = Array) C:\wamp\www\application\index\controller\Index.php 第 6 行.

[ 2016-01-30T19:01:02+08:00 ] ::1 ::1 /api/info
[log] localhost/api/info [运行时间：0.109007s] [吞吐率：9.17req/s] [内存消耗：920.62kb] [文件加载：24]

[ 2016-01-30T19:01:02+08:00 ] ::1 ::1 /api/info
[log] localhost/api/info [运行时间：0.049003s] [吞吐率：20.41req/s] [内存消耗：920.62kb] [文件加载：24]

[ 2016-01-30T19:03:05+08:00 ] ::1 ::1 /group/12
[log] localhost/group/12 [运行时间：0.073004s] [吞吐率：13.70req/s] [内存消耗：1,330.18kb] [文件加载：34]
[notic] [2048] Declaration of app\index\controller\Index::show() should be compatible with think\Controller::show($content, $vars = Array) C:\wamp\www\application\index\controller\Index.php 第 6 行.

[ 2016-01-30T19:03:10+08:00 ] ::1 ::1 /
[log] localhost/ [运行时间：0.169010s] [吞吐率：5.92req/s] [内存消耗：1,328.82kb] [文件加载：34]
[notic] [2048] Declaration of app\index\controller\Index::show() should be compatible with think\Controller::show($content, $vars = Array) C:\wamp\www\application\index\controller\Index.php 第 6 行.

[ 2016-01-30T19:03:10+08:00 ] ::1 ::1 /api/info
[log] localhost/api/info [运行时间：0.042003s] [吞吐率：23.81req/s] [内存消耗：921.13kb] [文件加载：24]

[ 2016-01-30T19:03:10+08:00 ] ::1 ::1 /api/info
[log] localhost/api/info [运行时间：0.056003s] [吞吐率：17.86req/s] [内存消耗：921.13kb] [文件加载：24]

[ 2016-01-30T19:03:46+08:00 ] ::1 ::1 /group/12/setting/options
[log] localhost/group/12/setting/options [运行时间：0.055004s] [吞吐率：18.18req/s] [内存消耗：1,330.02kb] [文件加载：34]
[notic] [2048] Declaration of app\index\controller\Index::show() should be compatible with think\Controller::show($content, $vars = Array) C:\wamp\www\application\index\controller\Index.php 第 6 行.

[ 2016-01-30T19:03:47+08:00 ] ::1 ::1 /api/info
[log] localhost/api/info [运行时间：0.050002s] [吞吐率：20.00req/s] [内存消耗：921.13kb] [文件加载：24]

[ 2016-01-30T19:03:47+08:00 ] ::1 ::1 /api/info
[log] localhost/api/info [运行时间：0.069004s] [吞吐率：14.49req/s] [内存消耗：921.13kb] [文件加载：24]

[ 2016-01-30T19:03:57+08:00 ] ::1 ::1 /group/12
[log] localhost/group/12 [运行时间：0.086005s] [吞吐率：11.63req/s] [内存消耗：1,330.18kb] [文件加载：34]
[notic] [2048] Declaration of app\index\controller\Index::show() should be compatible with think\Controller::show($content, $vars = Array) C:\wamp\www\application\index\controller\Index.php 第 6 行.

[ 2016-01-30T19:04:03+08:00 ] ::1 ::1 /group/12
[log] localhost/group/12 [运行时间：0.081004s] [吞吐率：12.35req/s] [内存消耗：1,330.18kb] [文件加载：34]
[notic] [2048] Declaration of app\index\controller\Index::show() should be compatible with think\Controller::show($content, $vars = Array) C:\wamp\www\application\index\controller\Index.php 第 6 行.

[ 2016-01-30T19:04:07+08:00 ] ::1 ::1 /group/12
[log] localhost/group/12 [运行时间：0.063003s] [吞吐率：15.87req/s] [内存消耗：1,330.18kb] [文件加载：34]
[notic] [2048] Declaration of app\index\controller\Index::show() should be compatible with think\Controller::show($content, $vars = Array) C:\wamp\www\application\index\controller\Index.php 第 6 行.

[ 2016-01-30T19:04:54+08:00 ] ::1 ::1 /group/12
[log] localhost/group/12 [运行时间：0.063003s] [吞吐率：15.87req/s] [内存消耗：1,330.18kb] [文件加载：34]
[notic] [2048] Declaration of app\index\controller\Index::show() should be compatible with think\Controller::show($content, $vars = Array) C:\wamp\www\application\index\controller\Index.php 第 6 行.

[ 2016-01-30T19:04:55+08:00 ] ::1 ::1 /group/12
[log] localhost/group/12 [运行时间：0.065003s] [吞吐率：15.38req/s] [内存消耗：1,330.18kb] [文件加载：34]
[notic] [2048] Declaration of app\index\controller\Index::show() should be compatible with think\Controller::show($content, $vars = Array) C:\wamp\www\application\index\controller\Index.php 第 6 行.

[ 2016-01-30T19:04:57+08:00 ] ::1 ::1 /
[log] localhost/ [运行时间：0.057004s] [吞吐率：17.54req/s] [内存消耗：1,328.82kb] [文件加载：34]
[notic] [2048] Declaration of app\index\controller\Index::show() should be compatible with think\Controller::show($content, $vars = Array) C:\wamp\www\application\index\controller\Index.php 第 6 行.

[ 2016-01-30T19:04:57+08:00 ] ::1 ::1 /api/info
[log] localhost/api/info [运行时间：0.051003s] [吞吐率：19.61req/s] [内存消耗：921.13kb] [文件加载：24]

[ 2016-01-30T19:04:57+08:00 ] ::1 ::1 /api/info
[log] localhost/api/info [运行时间：0.060003s] [吞吐率：16.67req/s] [内存消耗：921.13kb] [文件加载：24]

[ 2016-01-30T19:05:00+08:00 ] ::1 ::1 /
[log] localhost/ [运行时间：0.053004s] [吞吐率：18.87req/s] [内存消耗：1,328.82kb] [文件加载：34]
[notic] [2048] Declaration of app\index\controller\Index::show() should be compatible with think\Controller::show($content, $vars = Array) C:\wamp\www\application\index\controller\Index.php 第 6 行.

[ 2016-01-30T19:05:01+08:00 ] ::1 ::1 /api/info
[log] localhost/api/info [运行时间：0.371021s] [吞吐率：2.70req/s] [内存消耗：921.13kb] [文件加载：24]

[ 2016-01-30T19:05:01+08:00 ] ::1 ::1 /api/info
[log] localhost/api/info [运行时间：0.052003s] [吞吐率：19.23req/s] [内存消耗：921.13kb] [文件加载：24]

[ 2016-01-30T19:05:08+08:00 ] ::1 ::1 /
[log] localhost/ [运行时间：0.107006s] [吞吐率：9.35req/s] [内存消耗：1,328.82kb] [文件加载：34]
[notic] [2048] Declaration of app\index\controller\Index::show() should be compatible with think\Controller::show($content, $vars = Array) C:\wamp\www\application\index\controller\Index.php 第 6 行.

[ 2016-01-30T19:05:08+08:00 ] ::1 ::1 /api/info
[log] localhost/api/info [运行时间：0.054003s] [吞吐率：18.52req/s] [内存消耗：921.13kb] [文件加载：24]

[ 2016-01-30T19:05:08+08:00 ] ::1 ::1 /api/info
[log] localhost/api/info [运行时间：0.077005s] [吞吐率：12.99req/s] [内存消耗：921.13kb] [文件加载：24]

[ 2016-01-30T19:05:15+08:00 ] ::1 ::1 /
[log] localhost/ [运行时间：0.138008s] [吞吐率：7.25req/s] [内存消耗：1,328.82kb] [文件加载：34]
[notic] [2048] Declaration of app\index\controller\Index::show() should be compatible with think\Controller::show($content, $vars = Array) C:\wamp\www\application\index\controller\Index.php 第 6 行.

[ 2016-01-30T19:05:15+08:00 ] ::1 ::1 /api/info
[log] localhost/api/info [运行时间：0.055003s] [吞吐率：18.18req/s] [内存消耗：921.13kb] [文件加载：24]

[ 2016-01-30T19:05:15+08:00 ] ::1 ::1 /api/info
[log] localhost/api/info [运行时间：0.087005s] [吞吐率：11.49req/s] [内存消耗：921.13kb] [文件加载：24]

[ 2016-01-30T19:06:23+08:00 ] ::1 ::1 /
[log] localhost/ [运行时间：0.065003s] [吞吐率：15.38req/s] [内存消耗：1,328.82kb] [文件加载：34]
[notic] [2048] Declaration of app\index\controller\Index::show() should be compatible with think\Controller::show($content, $vars = Array) C:\wamp\www\application\index\controller\Index.php 第 6 行.

[ 2016-01-30T19:06:24+08:00 ] ::1 ::1 /api/info
[log] localhost/api/info [运行时间：0.057003s] [吞吐率：17.54req/s] [内存消耗：921.13kb] [文件加载：24]

[ 2016-01-30T19:06:24+08:00 ] ::1 ::1 /api/info
[log] localhost/api/info [运行时间：0.052003s] [吞吐率：19.23req/s] [内存消耗：921.13kb] [文件加载：24]

[ 2016-01-30T19:06:26+08:00 ] ::1 ::1 /group/12
[log] localhost/group/12 [运行时间：0.076004s] [吞吐率：13.16req/s] [内存消耗：1,330.18kb] [文件加载：34]
[notic] [2048] Declaration of app\index\controller\Index::show() should be compatible with think\Controller::show($content, $vars = Array) C:\wamp\www\application\index\controller\Index.php 第 6 行.

[ 2016-01-30T19:06:28+08:00 ] ::1 ::1 /group/12
[log] localhost/group/12 [运行时间：0.074005s] [吞吐率：13.51req/s] [内存消耗：1,330.18kb] [文件加载：34]
[notic] [2048] Declaration of app\index\controller\Index::show() should be compatible with think\Controller::show($content, $vars = Array) C:\wamp\www\application\index\controller\Index.php 第 6 行.

[ 2016-01-30T19:06:32+08:00 ] ::1 ::1 /
[log] localhost/ [运行时间：0.071004s] [吞吐率：14.08req/s] [内存消耗：1,328.82kb] [文件加载：34]
[notic] [2048] Declaration of app\index\controller\Index::show() should be compatible with think\Controller::show($content, $vars = Array) C:\wamp\www\application\index\controller\Index.php 第 6 行.

[ 2016-01-30T19:06:33+08:00 ] ::1 ::1 /api/info
[log] localhost/api/info [运行时间：0.045003s] [吞吐率：22.22req/s] [内存消耗：921.13kb] [文件加载：24]

[ 2016-01-30T19:06:33+08:00 ] ::1 ::1 /api/info
[log] localhost/api/info [运行时间：0.065004s] [吞吐率：15.38req/s] [内存消耗：921.13kb] [文件加载：24]

[ 2016-01-30T19:08:20+08:00 ] ::1 ::1 /group/12
[log] localhost/group/12 [运行时间：0.099005s] [吞吐率：10.10req/s] [内存消耗：1,619.02kb] [文件加载：36]
[notic] [2048] Declaration of app\index\controller\Index::show() should be compatible with think\Controller::show($content, $vars = Array) C:\wamp\www\application\index\controller\Index.php 第 6 行.

[ 2016-01-30T19:08:24+08:00 ] ::1 ::1 /
[log] localhost/ [运行时间：0.059004s] [吞吐率：16.95req/s] [内存消耗：1,328.82kb] [文件加载：34]
[notic] [2048] Declaration of app\index\controller\Index::show() should be compatible with think\Controller::show($content, $vars = Array) C:\wamp\www\application\index\controller\Index.php 第 6 行.

[ 2016-01-30T19:08:24+08:00 ] ::1 ::1 /api/info
[log] localhost/api/info [运行时间：0.044003s] [吞吐率：22.73req/s] [内存消耗：921.13kb] [文件加载：24]

[ 2016-01-30T19:08:24+08:00 ] ::1 ::1 /api/info
[log] localhost/api/info [运行时间：0.066004s] [吞吐率：15.15req/s] [内存消耗：921.13kb] [文件加载：24]

[ 2016-01-30T19:08:38+08:00 ] ::1 ::1 /
[log] localhost/ [运行时间：0.075004s] [吞吐率：13.33req/s] [内存消耗：1,412.23kb] [文件加载：35]
[notic] [2048] Declaration of app\index\controller\Index::show() should be compatible with think\Controller::show($content, $vars = Array) C:\wamp\www\application\index\controller\Index.php 第 6 行.
[notic] [8] Undefined index: user C:\wamp\www\application\common\behavior\User.php 第 11 行.

[ 2016-01-30T19:08:38+08:00 ] ::1 ::1 /index/SignIn/login
[log] localhost/index/SignIn/login [运行时间：0.042003s] [吞吐率：23.81req/s] [内存消耗：945.41kb] [文件加载：27]

[ 2016-01-30T19:08:42+08:00 ] ::1 ::1 /index/SignIn/doLogin
[log] localhost/index/SignIn/doLogin [运行时间：0.049003s] [吞吐率：20.41req/s] [内存消耗：956.09kb] [文件加载：28]

[ 2016-01-30T19:08:44+08:00 ] ::1 ::1 /
[log] localhost/ [运行时间：0.062004s] [吞吐率：16.13req/s] [内存消耗：1,329.10kb] [文件加载：34]
[notic] [2048] Declaration of app\index\controller\Index::show() should be compatible with think\Controller::show($content, $vars = Array) C:\wamp\www\application\index\controller\Index.php 第 6 行.

[ 2016-01-30T19:08:45+08:00 ] ::1 ::1 /api/info
[log] localhost/api/info [运行时间：0.041003s] [吞吐率：24.39req/s] [内存消耗：921.34kb] [文件加载：24]

[ 2016-01-30T19:08:45+08:00 ] ::1 ::1 /api/info
[log] localhost/api/info [运行时间：0.058003s] [吞吐率：17.24req/s] [内存消耗：921.34kb] [文件加载：24]

[ 2016-01-30T19:08:48+08:00 ] ::1 ::1 /group/12
[log] localhost/group/12 [运行时间：0.054003s] [吞吐率：18.52req/s] [内存消耗：1,329.84kb] [文件加载：34]
[notic] [2048] Declaration of app\index\controller\Index::show() should be compatible with think\Controller::show($content, $vars = Array) C:\wamp\www\application\index\controller\Index.php 第 6 行.

[ 2016-01-30T19:08:55+08:00 ] ::1 ::1 /group/12
[log] localhost/group/12 [运行时间：0.058004s] [吞吐率：17.24req/s] [内存消耗：1,329.84kb] [文件加载：34]
[notic] [2048] Declaration of app\index\controller\Index::show() should be compatible with think\Controller::show($content, $vars = Array) C:\wamp\www\application\index\controller\Index.php 第 6 行.

[ 2016-01-30T19:15:32+08:00 ] ::1 ::1 /group/12
[log] localhost/group/12 [运行时间：0.166009s] [吞吐率：6.02req/s] [内存消耗：1,618.41kb] [文件加载：36]
[notic] [2048] Declaration of app\index\controller\Index::show() should be compatible with think\Controller::show($content, $vars = Array) C:\wamp\www\application\index\controller\Index.php 第 6 行.

[ 2016-01-30T19:15:34+08:00 ] ::1 ::1 /group/12
[log] localhost/group/12 [运行时间：0.075004s] [吞吐率：13.33req/s] [内存消耗：1,329.84kb] [文件加载：34]
[notic] [2048] Declaration of app\index\controller\Index::show() should be compatible with think\Controller::show($content, $vars = Array) C:\wamp\www\application\index\controller\Index.php 第 6 行.

[ 2016-01-30T19:15:37+08:00 ] ::1 ::1 /
[log] localhost/ [运行时间：0.060003s] [吞吐率：16.67req/s] [内存消耗：1,329.10kb] [文件加载：34]
[notic] [2048] Declaration of app\index\controller\Index::show() should be compatible with think\Controller::show($content, $vars = Array) C:\wamp\www\application\index\controller\Index.php 第 6 行.

[ 2016-01-30T19:15:37+08:00 ] ::1 ::1 /api/info
[log] localhost/api/info [运行时间：0.043003s] [吞吐率：23.25req/s] [内存消耗：921.34kb] [文件加载：24]

[ 2016-01-30T19:15:37+08:00 ] ::1 ::1 /api/info
[log] localhost/api/info [运行时间：0.056003s] [吞吐率：17.86req/s] [内存消耗：921.34kb] [文件加载：24]

[ 2016-01-30T19:15:41+08:00 ] ::1 ::1 /group/12
[log] localhost/group/12 [运行时间：0.069004s] [吞吐率：14.49req/s] [内存消耗：1,329.84kb] [文件加载：34]
[notic] [2048] Declaration of app\index\controller\Index::show() should be compatible with think\Controller::show($content, $vars = Array) C:\wamp\www\application\index\controller\Index.php 第 6 行.

[ 2016-01-30T19:15:56+08:00 ] ::1 ::1 /group/12
[log] localhost/group/12 [运行时间：0.074004s] [吞吐率：13.51req/s] [内存消耗：1,412.76kb] [文件加载：35]
[notic] [2048] Declaration of app\index\controller\Index::show() should be compatible with think\Controller::show($content, $vars = Array) C:\wamp\www\application\index\controller\Index.php 第 6 行.
[notic] [8] Undefined index: user C:\wamp\www\application\common\behavior\User.php 第 11 行.

[ 2016-01-30T19:15:57+08:00 ] ::1 ::1 /index/SignIn/login
[log] localhost/index/SignIn/login [运行时间：0.042002s] [吞吐率：23.81req/s] [内存消耗：945.47kb] [文件加载：27]

[ 2016-01-30T19:16:00+08:00 ] ::1 ::1 /index/SignIn/doLogin
[log] localhost/index/SignIn/doLogin [运行时间：0.059003s] [吞吐率：16.95req/s] [内存消耗：956.09kb] [文件加载：28]

[ 2016-01-30T19:16:03+08:00 ] ::1 ::1 /
[log] localhost/ [运行时间：0.067004s] [吞吐率：14.92req/s] [内存消耗：1,329.10kb] [文件加载：34]
[notic] [2048] Declaration of app\index\controller\Index::show() should be compatible with think\Controller::show($content, $vars = Array) C:\wamp\www\application\index\controller\Index.php 第 6 行.

[ 2016-01-30T19:16:03+08:00 ] ::1 ::1 /api/info
[log] localhost/api/info [运行时间：0.056003s] [吞吐率：17.86req/s] [内存消耗：921.34kb] [文件加载：24]

[ 2016-01-30T19:16:03+08:00 ] ::1 ::1 /api/info
[log] localhost/api/info [运行时间：0.076004s] [吞吐率：13.16req/s] [内存消耗：921.34kb] [文件加载：24]

[ 2016-01-30T19:16:08+08:00 ] ::1 ::1 /group/12
[log] localhost/group/12 [运行时间：0.059003s] [吞吐率：16.95req/s] [内存消耗：1,329.84kb] [文件加载：34]
[notic] [2048] Declaration of app\index\controller\Index::show() should be compatible with think\Controller::show($content, $vars = Array) C:\wamp\www\application\index\controller\Index.php 第 6 行.

[ 2016-01-30T19:16:13+08:00 ] ::1 ::1 /
[log] localhost/ [运行时间：0.062004s] [吞吐率：16.13req/s] [内存消耗：1,329.10kb] [文件加载：34]
[notic] [2048] Declaration of app\index\controller\Index::show() should be compatible with think\Controller::show($content, $vars = Array) C:\wamp\www\application\index\controller\Index.php 第 6 行.

[ 2016-01-30T19:16:13+08:00 ] ::1 ::1 /api/info
[log] localhost/api/info [运行时间：0.055003s] [吞吐率：18.18req/s] [内存消耗：921.34kb] [文件加载：24]

[ 2016-01-30T19:16:13+08:00 ] ::1 ::1 /api/info
[log] localhost/api/info [运行时间：0.068004s] [吞吐率：14.71req/s] [内存消耗：921.34kb] [文件加载：24]

[ 2016-01-30T19:16:24+08:00 ] ::1 ::1 /group/12
[log] localhost/group/12 [运行时间：0.058003s] [吞吐率：17.24req/s] [内存消耗：1,330.06kb] [文件加载：34]
[notic] [2048] Declaration of app\index\controller\Index::show() should be compatible with think\Controller::show($content, $vars = Array) C:\wamp\www\application\index\controller\Index.php 第 6 行.

[ 2016-01-30T19:16:31+08:00 ] ::1 ::1 /group/12
[log] localhost/group/12 [运行时间：0.061004s] [吞吐率：16.39req/s] [内存消耗：1,330.06kb] [文件加载：34]
[notic] [2048] Declaration of app\index\controller\Index::show() should be compatible with think\Controller::show($content, $vars = Array) C:\wamp\www\application\index\controller\Index.php 第 6 行.

[ 2016-01-30T19:17:07+08:00 ] ::1 ::1 /
[log] localhost/ [运行时间：0.056003s] [吞吐率：17.86req/s] [内存消耗：1,328.97kb] [文件加载：34]
[notic] [2048] Declaration of app\index\controller\Index::show() should be compatible with think\Controller::show($content, $vars = Array) C:\wamp\www\application\index\controller\Index.php 第 6 行.

[ 2016-01-30T19:17:07+08:00 ] ::1 ::1 /api/info
[log] localhost/api/info [运行时间：0.061004s] [吞吐率：16.39req/s] [内存消耗：921.12kb] [文件加载：24]

[ 2016-01-30T19:17:08+08:00 ] ::1 ::1 /api/info
[log] localhost/api/info [运行时间：0.065004s] [吞吐率：15.38req/s] [内存消耗：921.12kb] [文件加载：24]

[ 2016-01-30T19:17:11+08:00 ] ::1 ::1 /group/12
[log] localhost/group/12 [运行时间：0.054003s] [吞吐率：18.52req/s] [内存消耗：1,330.02kb] [文件加载：34]
[notic] [2048] Declaration of app\index\controller\Index::show() should be compatible with think\Controller::show($content, $vars = Array) C:\wamp\www\application\index\controller\Index.php 第 6 行.

[ 2016-01-30T19:17:17+08:00 ] ::1 ::1 /
[log] localhost/ [运行时间：0.055003s] [吞吐率：18.18req/s] [内存消耗：1,328.97kb] [文件加载：34]
[notic] [2048] Declaration of app\index\controller\Index::show() should be compatible with think\Controller::show($content, $vars = Array) C:\wamp\www\application\index\controller\Index.php 第 6 行.

[ 2016-01-30T19:17:17+08:00 ] ::1 ::1 /api/info
[log] localhost/api/info [运行时间：0.066003s] [吞吐率：15.15req/s] [内存消耗：921.12kb] [文件加载：24]

[ 2016-01-30T19:17:18+08:00 ] ::1 ::1 /api/info
[log] localhost/api/info [运行时间：0.067004s] [吞吐率：14.92req/s] [内存消耗：921.12kb] [文件加载：24]

[ 2016-01-30T19:17:21+08:00 ] ::1 ::1 /
[log] localhost/ [运行时间：0.054003s] [吞吐率：18.52req/s] [内存消耗：1,328.97kb] [文件加载：34]
[notic] [2048] Declaration of app\index\controller\Index::show() should be compatible with think\Controller::show($content, $vars = Array) C:\wamp\www\application\index\controller\Index.php 第 6 行.

[ 2016-01-30T19:17:21+08:00 ] ::1 ::1 /api/info
[log] localhost/api/info [运行时间：0.061003s] [吞吐率：16.39req/s] [内存消耗：921.12kb] [文件加载：24]

[ 2016-01-30T19:17:21+08:00 ] ::1 ::1 /api/info
[log] localhost/api/info [运行时间：0.061003s] [吞吐率：16.39req/s] [内存消耗：921.12kb] [文件加载：24]

[ 2016-01-30T19:17:31+08:00 ] ::1 ::1 /
[log] localhost/ [运行时间：0.061004s] [吞吐率：16.39req/s] [内存消耗：1,328.97kb] [文件加载：34]
[notic] [2048] Declaration of app\index\controller\Index::show() should be compatible with think\Controller::show($content, $vars = Array) C:\wamp\www\application\index\controller\Index.php 第 6 行.

[ 2016-01-30T19:17:31+08:00 ] ::1 ::1 /api/info
[log] localhost/api/info [运行时间：0.064004s] [吞吐率：15.62req/s] [内存消耗：921.12kb] [文件加载：24]

[ 2016-01-30T19:17:31+08:00 ] ::1 ::1 /api/info
[log] localhost/api/info [运行时间：0.066004s] [吞吐率：15.15req/s] [内存消耗：921.12kb] [文件加载：24]

[ 2016-01-30T19:19:29+08:00 ] ::1 ::1 /
[log] localhost/ [运行时间：0.056003s] [吞吐率：17.86req/s] [内存消耗：1,328.97kb] [文件加载：34]
[notic] [2048] Declaration of app\index\controller\Index::show() should be compatible with think\Controller::show($content, $vars = Array) C:\wamp\www\application\index\controller\Index.php 第 6 行.

[ 2016-01-30T19:19:30+08:00 ] ::1 ::1 /api/info
[log] localhost/api/info [运行时间：0.053003s] [吞吐率：18.87req/s] [内存消耗：921.12kb] [文件加载：24]

[ 2016-01-30T19:19:30+08:00 ] ::1 ::1 /api/info
[log] localhost/api/info [运行时间：0.058004s] [吞吐率：17.24req/s] [内存消耗：921.12kb] [文件加载：24]

[ 2016-01-30T19:19:32+08:00 ] ::1 ::1 /group/12
[log] localhost/group/12 [运行时间：0.054003s] [吞吐率：18.52req/s] [内存消耗：1,330.02kb] [文件加载：34]
[notic] [2048] Declaration of app\index\controller\Index::show() should be compatible with think\Controller::show($content, $vars = Array) C:\wamp\www\application\index\controller\Index.php 第 6 行.

[ 2016-01-30T19:19:35+08:00 ] ::1 ::1 /
[log] localhost/ [运行时间：0.051003s] [吞吐率：19.61req/s] [内存消耗：1,328.97kb] [文件加载：34]
[notic] [2048] Declaration of app\index\controller\Index::show() should be compatible with think\Controller::show($content, $vars = Array) C:\wamp\www\application\index\controller\Index.php 第 6 行.

[ 2016-01-30T19:19:35+08:00 ] ::1 ::1 /api/info
[log] localhost/api/info [运行时间：0.047003s] [吞吐率：21.28req/s] [内存消耗：921.12kb] [文件加载：24]

[ 2016-01-30T19:19:35+08:00 ] ::1 ::1 /api/info
[log] localhost/api/info [运行时间：0.071005s] [吞吐率：14.08req/s] [内存消耗：921.12kb] [文件加载：24]

[ 2016-01-30T19:19:38+08:00 ] ::1 ::1 /
[log] localhost/ [运行时间：0.058004s] [吞吐率：17.24req/s] [内存消耗：1,328.97kb] [文件加载：34]
[notic] [2048] Declaration of app\index\controller\Index::show() should be compatible with think\Controller::show($content, $vars = Array) C:\wamp\www\application\index\controller\Index.php 第 6 行.

[ 2016-01-30T19:19:38+08:00 ] ::1 ::1 /api/info
[log] localhost/api/info [运行时间：0.048003s] [吞吐率：20.83req/s] [内存消耗：921.12kb] [文件加载：24]

[ 2016-01-30T19:19:38+08:00 ] ::1 ::1 /api/info
[log] localhost/api/info [运行时间：0.065004s] [吞吐率：15.38req/s] [内存消耗：921.12kb] [文件加载：24]

[ 2016-01-30T19:19:45+08:00 ] ::1 ::1 /
[log] localhost/ [运行时间：0.065004s] [吞吐率：15.38req/s] [内存消耗：1,328.97kb] [文件加载：34]
[notic] [2048] Declaration of app\index\controller\Index::show() should be compatible with think\Controller::show($content, $vars = Array) C:\wamp\www\application\index\controller\Index.php 第 6 行.

[ 2016-01-30T19:19:46+08:00 ] ::1 ::1 /api/info
[log] localhost/api/info [运行时间：0.053003s] [吞吐率：18.87req/s] [内存消耗：921.12kb] [文件加载：24]

[ 2016-01-30T19:19:46+08:00 ] ::1 ::1 /api/info
[log] localhost/api/info [运行时间：0.059004s] [吞吐率：16.95req/s] [内存消耗：921.12kb] [文件加载：24]

[ 2016-01-30T19:23:57+08:00 ] ::1 ::1 /group/12
[log] localhost/group/12 [运行时间：0.060004s] [吞吐率：16.67req/s] [内存消耗：1,330.02kb] [文件加载：34]
[notic] [2048] Declaration of app\index\controller\Index::show() should be compatible with think\Controller::show($content, $vars = Array) C:\wamp\www\application\index\controller\Index.php 第 6 行.

[ 2016-01-30T19:24:57+08:00 ] ::1 ::1 /group/12
[log] localhost/group/12 [运行时间：0.063003s] [吞吐率：15.87req/s] [内存消耗：1,330.02kb] [文件加载：34]
[notic] [2048] Declaration of app\index\controller\Index::show() should be compatible with think\Controller::show($content, $vars = Array) C:\wamp\www\application\index\controller\Index.php 第 6 行.

[ 2016-01-30T19:25:06+08:00 ] ::1 ::1 /
[log] localhost/ [运行时间：0.054003s] [吞吐率：18.52req/s] [内存消耗：1,328.97kb] [文件加载：34]
[notic] [2048] Declaration of app\index\controller\Index::show() should be compatible with think\Controller::show($content, $vars = Array) C:\wamp\www\application\index\controller\Index.php 第 6 行.

[ 2016-01-30T19:25:07+08:00 ] ::1 ::1 /api/info
[log] localhost/api/info [运行时间：0.047003s] [吞吐率：21.28req/s] [内存消耗：921.12kb] [文件加载：24]

[ 2016-01-30T19:25:07+08:00 ] ::1 ::1 /api/info
[log] localhost/api/info [运行时间：0.058003s] [吞吐率：17.24req/s] [内存消耗：921.12kb] [文件加载：24]

[ 2016-01-30T22:34:04+08:00 ] ::1 ::1 /group/12
[log] localhost/group/12 [运行时间：0.067004s] [吞吐率：14.92req/s] [内存消耗：1,330.02kb] [文件加载：34]
[notic] [2048] Declaration of app\index\controller\Index::show() should be compatible with think\Controller::show($content, $vars = Array) C:\wamp\www\application\index\controller\Index.php 第 6 行.

[ 2016-01-30T22:34:07+08:00 ] ::1 ::1 /
[log] localhost/ [运行时间：0.060004s] [吞吐率：16.67req/s] [内存消耗：1,328.97kb] [文件加载：34]
[notic] [2048] Declaration of app\index\controller\Index::show() should be compatible with think\Controller::show($content, $vars = Array) C:\wamp\www\application\index\controller\Index.php 第 6 行.

[ 2016-01-30T22:34:08+08:00 ] ::1 ::1 /api/info
[log] localhost/api/info [运行时间：0.063004s] [吞吐率：15.87req/s] [内存消耗：921.12kb] [文件加载：24]

[ 2016-01-30T22:34:08+08:00 ] ::1 ::1 /api/info
[log] localhost/api/info [运行时间：0.060004s] [吞吐率：16.67req/s] [内存消耗：921.12kb] [文件加载：24]

[ 2016-01-30T22:34:35+08:00 ] ::1 ::1 /
[log] localhost/ [运行时间：0.070004s] [吞吐率：14.28req/s] [内存消耗：1,329.05kb] [文件加载：34]
[notic] [2048] Declaration of app\index\controller\Index::show() should be compatible with think\Controller::show($content, $vars = Array) C:\wamp\www\application\index\controller\Index.php 第 6 行.

[ 2016-01-30T22:34:36+08:00 ] ::1 ::1 /
[log] localhost/ [运行时间：0.078005s] [吞吐率：12.82req/s] [内存消耗：1,329.05kb] [文件加载：34]
[notic] [2048] Declaration of app\index\controller\Index::show() should be compatible with think\Controller::show($content, $vars = Array) C:\wamp\www\application\index\controller\Index.php 第 6 行.

[ 2016-01-30T22:34:39+08:00 ] ::1 ::1 /
[log] localhost/ [运行时间：0.060003s] [吞吐率：16.67req/s] [内存消耗：1,329.05kb] [文件加载：34]
[notic] [2048] Declaration of app\index\controller\Index::show() should be compatible with think\Controller::show($content, $vars = Array) C:\wamp\www\application\index\controller\Index.php 第 6 行.

[ 2016-01-30T22:34:59+08:00 ] ::1 ::1 /
[log] localhost/ [运行时间：0.059003s] [吞吐率：16.95req/s] [内存消耗：1,329.05kb] [文件加载：34]
[notic] [2048] Declaration of app\index\controller\Index::show() should be compatible with think\Controller::show($content, $vars = Array) C:\wamp\www\application\index\controller\Index.php 第 6 行.

[ 2016-01-30T22:35:00+08:00 ] ::1 ::1 /api/info
[log] localhost/api/info [运行时间：0.053003s] [吞吐率：18.87req/s] [内存消耗：921.12kb] [文件加载：24]

[ 2016-01-30T22:35:00+08:00 ] ::1 ::1 /api/info
[log] localhost/api/info [运行时间：0.063004s] [吞吐率：15.87req/s] [内存消耗：921.12kb] [文件加载：24]

[ 2016-01-30T22:35:03+08:00 ] ::1 ::1 /group/12
[log] localhost/group/12 [运行时间：0.064004s] [吞吐率：15.62req/s] [内存消耗：1,330.02kb] [文件加载：34]
[notic] [2048] Declaration of app\index\controller\Index::show() should be compatible with think\Controller::show($content, $vars = Array) C:\wamp\www\application\index\controller\Index.php 第 6 行.

[ 2016-01-30T22:35:05+08:00 ] ::1 ::1 /group/12
[log] localhost/group/12 [运行时间：0.078005s] [吞吐率：12.82req/s] [内存消耗：1,330.02kb] [文件加载：34]
[notic] [2048] Declaration of app\index\controller\Index::show() should be compatible with think\Controller::show($content, $vars = Array) C:\wamp\www\application\index\controller\Index.php 第 6 行.

[ 2016-01-30T22:35:08+08:00 ] ::1 ::1 /
[log] localhost/ [运行时间：0.057004s] [吞吐率：17.54req/s] [内存消耗：1,328.97kb] [文件加载：34]
[notic] [2048] Declaration of app\index\controller\Index::show() should be compatible with think\Controller::show($content, $vars = Array) C:\wamp\www\application\index\controller\Index.php 第 6 行.

[ 2016-01-30T22:35:08+08:00 ] ::1 ::1 /api/info
[log] localhost/api/info [运行时间：0.045003s] [吞吐率：22.22req/s] [内存消耗：921.12kb] [文件加载：24]

[ 2016-01-30T22:35:08+08:00 ] ::1 ::1 /api/info
[log] localhost/api/info [运行时间：0.062004s] [吞吐率：16.13req/s] [内存消耗：921.12kb] [文件加载：24]

[ 2016-01-30T22:35:48+08:00 ] ::1 ::1 /group/12
[log] localhost/group/12 [运行时间：0.070004s] [吞吐率：14.28req/s] [内存消耗：1,330.02kb] [文件加载：34]
[notic] [2048] Declaration of app\index\controller\Index::show() should be compatible with think\Controller::show($content, $vars = Array) C:\wamp\www\application\index\controller\Index.php 第 6 行.

[ 2016-01-30T22:35:52+08:00 ] ::1 ::1 /
[log] localhost/ [运行时间：0.063004s] [吞吐率：15.87req/s] [内存消耗：1,328.97kb] [文件加载：34]
[notic] [2048] Declaration of app\index\controller\Index::show() should be compatible with think\Controller::show($content, $vars = Array) C:\wamp\www\application\index\controller\Index.php 第 6 行.

[ 2016-01-30T22:35:52+08:00 ] ::1 ::1 /api/info
[log] localhost/api/info [运行时间：0.046002s] [吞吐率：21.74req/s] [内存消耗：921.12kb] [文件加载：24]

[ 2016-01-30T22:35:52+08:00 ] ::1 ::1 /api/info
[log] localhost/api/info [运行时间：0.059003s] [吞吐率：16.95req/s] [内存消耗：921.12kb] [文件加载：24]

[ 2016-01-30T22:37:02+08:00 ] ::1 ::1 /
[log] localhost/ [运行时间：0.058003s] [吞吐率：17.24req/s] [内存消耗：1,328.97kb] [文件加载：34]
[notic] [2048] Declaration of app\index\controller\Index::show() should be compatible with think\Controller::show($content, $vars = Array) C:\wamp\www\application\index\controller\Index.php 第 6 行.

[ 2016-01-30T22:37:03+08:00 ] ::1 ::1 /api/info
[log] localhost/api/info [运行时间：0.050003s] [吞吐率：20.00req/s] [内存消耗：921.12kb] [文件加载：24]

[ 2016-01-30T22:37:03+08:00 ] ::1 ::1 /api/info
[log] localhost/api/info [运行时间：0.065004s] [吞吐率：15.38req/s] [内存消耗：921.12kb] [文件加载：24]

[ 2016-01-30T22:37:04+08:00 ] ::1 ::1 /group/12
[log] localhost/group/12 [运行时间：0.063003s] [吞吐率：15.87req/s] [内存消耗：1,330.02kb] [文件加载：34]
[notic] [2048] Declaration of app\index\controller\Index::show() should be compatible with think\Controller::show($content, $vars = Array) C:\wamp\www\application\index\controller\Index.php 第 6 行.

[ 2016-01-30T22:37:06+08:00 ] ::1 ::1 /group/12
[log] localhost/group/12 [运行时间：0.065003s] [吞吐率：15.38req/s] [内存消耗：1,330.02kb] [文件加载：34]
[notic] [2048] Declaration of app\index\controller\Index::show() should be compatible with think\Controller::show($content, $vars = Array) C:\wamp\www\application\index\controller\Index.php 第 6 行.

[ 2016-01-30T22:37:18+08:00 ] ::1 ::1 /
[log] localhost/ [运行时间：0.108006s] [吞吐率：9.26req/s] [内存消耗：1,411.70kb] [文件加载：35]
[notic] [2048] Declaration of app\index\controller\Index::show() should be compatible with think\Controller::show($content, $vars = Array) C:\wamp\www\application\index\controller\Index.php 第 6 行.
[notic] [8] Undefined index: user C:\wamp\www\application\common\behavior\User.php 第 11 行.

[ 2016-01-30T22:37:18+08:00 ] ::1 ::1 /index/SignIn/login
[log] localhost/index/SignIn/login [运行时间：0.043003s] [吞吐率：23.25req/s] [内存消耗：945.41kb] [文件加载：27]

[ 2016-01-30T22:37:22+08:00 ] ::1 ::1 /index/SignIn/doLogin
[log] localhost/index/SignIn/doLogin [运行时间：0.047002s] [吞吐率：21.28req/s] [内存消耗：956.09kb] [文件加载：28]

[ 2016-01-30T22:37:25+08:00 ] ::1 ::1 /
[log] localhost/ [运行时间：0.057004s] [吞吐率：17.54req/s] [内存消耗：1,329.10kb] [文件加载：34]
[notic] [2048] Declaration of app\index\controller\Index::show() should be compatible with think\Controller::show($content, $vars = Array) C:\wamp\www\application\index\controller\Index.php 第 6 行.

[ 2016-01-30T22:37:25+08:00 ] ::1 ::1 /api/info
[log] localhost/api/info [运行时间：0.042003s] [吞吐率：23.81req/s] [内存消耗：921.34kb] [文件加载：24]

[ 2016-01-30T22:37:25+08:00 ] ::1 ::1 /api/info
[log] localhost/api/info [运行时间：0.058003s] [吞吐率：17.24req/s] [内存消耗：921.34kb] [文件加载：24]

[ 2016-01-30T22:37:27+08:00 ] ::1 ::1 /group/12
[log] localhost/group/12 [运行时间：0.063003s] [吞吐率：15.87req/s] [内存消耗：1,329.84kb] [文件加载：34]
[notic] [2048] Declaration of app\index\controller\Index::show() should be compatible with think\Controller::show($content, $vars = Array) C:\wamp\www\application\index\controller\Index.php 第 6 行.

[ 2016-01-30T22:37:29+08:00 ] ::1 ::1 /group/12
[log] localhost/group/12 [运行时间：0.068004s] [吞吐率：14.71req/s] [内存消耗：1,329.84kb] [文件加载：34]
[notic] [2048] Declaration of app\index\controller\Index::show() should be compatible with think\Controller::show($content, $vars = Array) C:\wamp\www\application\index\controller\Index.php 第 6 行.

[ 2016-01-30T22:37:32+08:00 ] ::1 ::1 /
[log] localhost/ [运行时间：0.063004s] [吞吐率：15.87req/s] [内存消耗：1,329.10kb] [文件加载：34]
[notic] [2048] Declaration of app\index\controller\Index::show() should be compatible with think\Controller::show($content, $vars = Array) C:\wamp\www\application\index\controller\Index.php 第 6 行.

[ 2016-01-30T22:37:32+08:00 ] ::1 ::1 /api/info
[log] localhost/api/info [运行时间：0.045003s] [吞吐率：22.22req/s] [内存消耗：921.34kb] [文件加载：24]

[ 2016-01-30T22:37:32+08:00 ] ::1 ::1 /api/info
[log] localhost/api/info [运行时间：0.058003s] [吞吐率：17.24req/s] [内存消耗：921.34kb] [文件加载：24]

[ 2016-01-30T22:38:34+08:00 ] ::1 ::1 /
[log] localhost/ [运行时间：0.056003s] [吞吐率：17.86req/s] [内存消耗：1,329.10kb] [文件加载：34]
[notic] [2048] Declaration of app\index\controller\Index::show() should be compatible with think\Controller::show($content, $vars = Array) C:\wamp\www\application\index\controller\Index.php 第 6 行.

[ 2016-01-30T22:38:34+08:00 ] ::1 ::1 /api/info
[log] localhost/api/info [运行时间：0.052003s] [吞吐率：19.23req/s] [内存消耗：921.34kb] [文件加载：24]

[ 2016-01-30T22:38:34+08:00 ] ::1 ::1 /api/info
[log] localhost/api/info [运行时间：0.068003s] [吞吐率：14.71req/s] [内存消耗：921.34kb] [文件加载：24]

[ 2016-01-30T22:40:01+08:00 ] ::1 ::1 /
[log] localhost/ [运行时间：0.082004s] [吞吐率：12.19req/s] [内存消耗：1,329.10kb] [文件加载：34]
[notic] [2048] Declaration of app\index\controller\Index::show() should be compatible with think\Controller::show($content, $vars = Array) C:\wamp\www\application\index\controller\Index.php 第 6 行.

[ 2016-01-30T22:40:01+08:00 ] ::1 ::1 /api/info
[log] localhost/api/info [运行时间：0.050003s] [吞吐率：20.00req/s] [内存消耗：921.34kb] [文件加载：24]

[ 2016-01-30T22:40:01+08:00 ] ::1 ::1 /api/info
[log] localhost/api/info [运行时间：0.065004s] [吞吐率：15.38req/s] [内存消耗：921.34kb] [文件加载：24]

[ 2016-01-30T22:40:16+08:00 ] ::1 ::1 /group/12
[log] localhost/group/12 [运行时间：0.060004s] [吞吐率：16.67req/s] [内存消耗：1,329.84kb] [文件加载：34]
[notic] [2048] Declaration of app\index\controller\Index::show() should be compatible with think\Controller::show($content, $vars = Array) C:\wamp\www\application\index\controller\Index.php 第 6 行.

[ 2016-01-30T22:42:55+08:00 ] ::1 ::1 /
[log] localhost/ [运行时间：0.052003s] [吞吐率：19.23req/s] [内存消耗：1,329.10kb] [文件加载：34]
[notic] [2048] Declaration of app\index\controller\Index::show() should be compatible with think\Controller::show($content, $vars = Array) C:\wamp\www\application\index\controller\Index.php 第 6 行.

[ 2016-01-30T22:42:56+08:00 ] ::1 ::1 /api/info
[log] localhost/api/info [运行时间：0.045002s] [吞吐率：22.22req/s] [内存消耗：921.34kb] [文件加载：24]

[ 2016-01-30T22:42:56+08:00 ] ::1 ::1 /api/info
[log] localhost/api/info [运行时间：0.040003s] [吞吐率：25.00req/s] [内存消耗：921.34kb] [文件加载：24]

[ 2016-01-30T22:50:39+08:00 ] ::1 ::1 /
[log] localhost/ [运行时间：0.069004s] [吞吐率：14.49req/s] [内存消耗：1,329.10kb] [文件加载：34]
[notic] [2048] Declaration of app\index\controller\Index::show() should be compatible with think\Controller::show($content, $vars = Array) C:\wamp\www\application\index\controller\Index.php 第 6 行.

[ 2016-01-30T22:50:39+08:00 ] ::1 ::1 /api/info
[log] localhost/api/info [运行时间：0.046002s] [吞吐率：21.74req/s] [内存消耗：921.34kb] [文件加载：24]

[ 2016-01-30T22:50:40+08:00 ] ::1 ::1 /api/info
[log] localhost/api/info [运行时间：0.071004s] [吞吐率：14.08req/s] [内存消耗：921.34kb] [文件加载：24]

[ 2016-01-30T22:50:55+08:00 ] ::1 ::1 /search/%E5%A4%A7%E5%A3%B0%E9%81%93
[log] localhost/search/%E5%A4%A7%E5%A3%B0%E9%81%93 [运行时间：0.077004s] [吞吐率：12.99req/s] [内存消耗：923.97kb] [文件加载：23]
[error] [10005] module [ search ] not exists [C:\wamp\www\thinkphp\library\think\App.php : 205]

[ 2016-01-30T22:50:55+08:00 ] ::1 ::1 /search/%E5%A4%A7%E5%A3%B0%E9%81%93
[log] localhost/search/%E5%A4%A7%E5%A3%B0%E9%81%93 [运行时间：0.093005s] [吞吐率：10.75req/s] [内存消耗：920.02kb] [文件加载：24]

[ 2016-01-30T22:50:58+08:00 ] ::1 ::1 /
[log] localhost/ [运行时间：0.064004s] [吞吐率：15.62req/s] [内存消耗：1,329.15kb] [文件加载：34]
[notic] [2048] Declaration of app\index\controller\Index::show() should be compatible with think\Controller::show($content, $vars = Array) C:\wamp\www\application\index\controller\Index.php 第 6 行.

[ 2016-01-30T22:50:59+08:00 ] ::1 ::1 /api/info
[log] localhost/api/info [运行时间：0.046002s] [吞吐率：21.74req/s] [内存消耗：921.34kb] [文件加载：24]

[ 2016-01-30T22:50:59+08:00 ] ::1 ::1 /api/info
[log] localhost/api/info [运行时间：0.042002s] [吞吐率：23.81req/s] [内存消耗：921.34kb] [文件加载：24]

[ 2016-01-30T22:53:25+08:00 ] ::1 ::1 /group/12/search/DXDSFSDF
[log] localhost/group/12/search/DXDSFSDF [运行时间：0.143009s] [吞吐率：6.99req/s] [内存消耗：1,330.18kb] [文件加载：34]
[notic] [2048] Declaration of app\index\controller\Index::show() should be compatible with think\Controller::show($content, $vars = Array) C:\wamp\www\application\index\controller\Index.php 第 6 行.

[ 2016-01-30T22:53:26+08:00 ] ::1 ::1 /api/info
[log] localhost/api/info [运行时间：0.053003s] [吞吐率：18.87req/s] [内存消耗：921.34kb] [文件加载：24]

[ 2016-01-30T22:53:26+08:00 ] ::1 ::1 /api/info
[log] localhost/api/info [运行时间：0.079005s] [吞吐率：12.66req/s] [内存消耗：921.34kb] [文件加载：24]

[ 2016-01-30T22:58:02+08:00 ] ::1 ::1 /group/12
[log] localhost/group/12 [运行时间：0.111007s] [吞吐率：9.01req/s] [内存消耗：1,412.76kb] [文件加载：35]
[notic] [2048] Declaration of app\index\controller\Index::show() should be compatible with think\Controller::show($content, $vars = Array) C:\wamp\www\application\index\controller\Index.php 第 6 行.
[notic] [8] Undefined index: user C:\wamp\www\application\common\behavior\User.php 第 11 行.

[ 2016-01-30T22:58:03+08:00 ] ::1 ::1 /index/SignIn/login
[log] localhost/index/SignIn/login [运行时间：0.044003s] [吞吐率：22.73req/s] [内存消耗：945.47kb] [文件加载：27]

[ 2016-01-30T22:58:06+08:00 ] ::1 ::1 /index/SignIn/doLogin
[log] localhost/index/SignIn/doLogin [运行时间：0.051003s] [吞吐率：19.61req/s] [内存消耗：956.09kb] [文件加载：28]

[ 2016-01-30T22:58:09+08:00 ] ::1 ::1 /
[log] localhost/ [运行时间：0.059004s] [吞吐率：16.95req/s] [内存消耗：1,329.10kb] [文件加载：34]
[notic] [2048] Declaration of app\index\controller\Index::show() should be compatible with think\Controller::show($content, $vars = Array) C:\wamp\www\application\index\controller\Index.php 第 6 行.

[ 2016-01-30T22:58:09+08:00 ] ::1 ::1 /api/info
[log] localhost/api/info [运行时间：0.052003s] [吞吐率：19.23req/s] [内存消耗：921.34kb] [文件加载：24]

[ 2016-01-30T22:58:09+08:00 ] ::1 ::1 /api/info
[log] localhost/api/info [运行时间：0.072004s] [吞吐率：13.89req/s] [内存消耗：921.34kb] [文件加载：24]

[ 2016-01-30T22:58:11+08:00 ] ::1 ::1 /group/12
[log] localhost/group/12 [运行时间：0.060004s] [吞吐率：16.67req/s] [内存消耗：1,329.84kb] [文件加载：34]
[notic] [2048] Declaration of app\index\controller\Index::show() should be compatible with think\Controller::show($content, $vars = Array) C:\wamp\www\application\index\controller\Index.php 第 6 行.

[ 2016-01-30T22:58:17+08:00 ] ::1 ::1 /group/12
[log] localhost/group/12 [运行时间：0.059003s] [吞吐率：16.95req/s] [内存消耗：1,330.06kb] [文件加载：34]
[notic] [2048] Declaration of app\index\controller\Index::show() should be compatible with think\Controller::show($content, $vars = Array) C:\wamp\www\application\index\controller\Index.php 第 6 行.

[ 2016-01-30T22:58:34+08:00 ] ::1 ::1 /group/12
[log] localhost/group/12 [运行时间：0.065004s] [吞吐率：15.38req/s] [内存消耗：1,330.06kb] [文件加载：34]
[notic] [2048] Declaration of app\index\controller\Index::show() should be compatible with think\Controller::show($content, $vars = Array) C:\wamp\www\application\index\controller\Index.php 第 6 行.

[ 2016-01-30T23:01:09+08:00 ] ::1 ::1 /group/12
[log] localhost/group/12 [运行时间：0.053003s] [吞吐率：18.87req/s] [内存消耗：1,330.06kb] [文件加载：34]
[notic] [2048] Declaration of app\index\controller\Index::show() should be compatible with think\Controller::show($content, $vars = Array) C:\wamp\www\application\index\controller\Index.php 第 6 行.

[ 2016-01-30T23:01:12+08:00 ] ::1 ::1 /
[log] localhost/ [运行时间：0.053003s] [吞吐率：18.87req/s] [内存消耗：1,329.10kb] [文件加载：34]
[notic] [2048] Declaration of app\index\controller\Index::show() should be compatible with think\Controller::show($content, $vars = Array) C:\wamp\www\application\index\controller\Index.php 第 6 行.

[ 2016-01-30T23:01:13+08:00 ] ::1 ::1 /api/info
[log] localhost/api/info [运行时间：0.059003s] [吞吐率：16.95req/s] [内存消耗：921.34kb] [文件加载：24]

[ 2016-01-30T23:01:13+08:00 ] ::1 ::1 /api/info
[log] localhost/api/info [运行时间：0.064004s] [吞吐率：15.62req/s] [内存消耗：921.34kb] [文件加载：24]

