[ 2016-02-03T12:07:31+08:00 ] ::1 ::1 /group/170801
[log] localhost/group/170801 [运行时间：0.081004s] [吞吐率：12.35req/s] [内存消耗：1,353.44kb] [文件加载：34]
[notic] [2048] Declaration of app\index\controller\Index::show() should be compatible with think\Controller::show($content, $vars = Array) C:\wamp\www\application\index\controller\Index.php 第 6 行.

[ 2016-02-03T12:07:31+08:00 ] ::1 ::1 /favicon.ico
[log] localhost/favicon.ico [运行时间：0.045002s] [吞吐率：22.22req/s] [内存消耗：699.20kb] [文件加载：22]
[error] [0] url suffix deny[C:\wamp\www\thinkphp\library\think\App.php : 367]

[ 2016-02-03T12:07:32+08:00 ] ::1 ::1 /favicon.ico
[log] localhost/favicon.ico [运行时间：0.060602s] [吞吐率：16.50req/s] [内存消耗：695.27kb] [文件加载：23]

[ 2016-02-03T12:07:36+08:00 ] ::1 ::1 /group/170801
[log] localhost/group/170801 [运行时间：0.109605s] [吞吐率：9.12req/s] [内存消耗：1,353.45kb] [文件加载：34]
[notic] [2048] Declaration of app\index\controller\Index::show() should be compatible with think\Controller::show($content, $vars = Array) C:\wamp\www\application\index\controller\Index.php 第 6 行.

[ 2016-02-03T12:07:36+08:00 ] ::1 ::1 /api/info
[log] localhost/api/info [运行时间：0.247014s] [吞吐率：4.05req/s] [内存消耗：2,182.80kb] [文件加载：39]
[notic] [8] Undefined variable: cipher C:\wamp\www\application\common\controller\Base.php 第 62 行.

[ 2016-02-03T12:07:36+08:00 ] ::1 ::1 /favicon.ico
[log] localhost/favicon.ico [运行时间：0.128007s] [吞吐率：7.81req/s] [内存消耗：699.20kb] [文件加载：22]
[error] [0] url suffix deny[C:\wamp\www\thinkphp\library\think\App.php : 367]

[ 2016-02-03T12:07:36+08:00 ] ::1 ::1 /favicon.ico
[log] localhost/favicon.ico [运行时间：0.133008s] [吞吐率：7.52req/s] [内存消耗：695.27kb] [文件加载：23]

[ 2016-02-03T12:07:37+08:00 ] ::1 ::1 /api/Index/image/img/wIJotAsHe6oELelgdgX4oc8K0GAoc43zGzPU2YAMcNNtAFGDbSwywo2qB1wcZrNAAf9IBjC97e6Nzva1EdqgKfDp5TQcoyzCPCuIsZ3Lg6aKIxZSK0kO0fFNafY%3D
[log] localhost/api/Index/image/img/wIJotAsHe6oELelgdgX4oc8K0GAoc43zGzPU2YAMcNNtAFGDbSwywo2qB1wcZrNAAf9IBjC97e6Nzva1EdqgKfDp5TQcoyzCPCuIsZ3Lg6aKIxZSK0kO0fFNafY%3D [运行时间：0.183010s] [吞吐率：5.46req/s] [内存消耗：3,500.34kb] [文件加载：38]
[notic] [8] Undefined variable: cipher C:\wamp\www\application\common\controller\Base.php 第 62 行.

[ 2016-02-03T14:08:58+08:00 ] ::1 ::1 /api/group/170802
[log] localhost/api/group/170802 [运行时间：0.083004s] [吞吐率：12.05req/s] [内存消耗：2,188.63kb] [文件加载：39]
[notic] [8] Undefined variable: value C:\wamp\www\application\api\controller\Index.php 第 52 行.
[notic] [2] in_array() expects parameter 2 to be array, null given C:\wamp\www\application\api\controller\Index.php 第 52 行.

[ 2016-02-03T14:08:58+08:00 ] ::1 ::1 /favicon.ico
[log] localhost/favicon.ico [运行时间：0.048003s] [吞吐率：20.83req/s] [内存消耗：699.44kb] [文件加载：22]
[error] [0] url suffix deny[C:\wamp\www\thinkphp\library\think\App.php : 367]

[ 2016-02-03T14:08:58+08:00 ] ::1 ::1 /favicon.ico
[log] localhost/favicon.ico [运行时间：0.051003s] [吞吐率：19.61req/s] [内存消耗：695.49kb] [文件加载：23]

[ 2016-02-03T14:08:59+08:00 ] ::1 ::1 /api/group/170802
[log] localhost/api/group/170802 [运行时间：0.074005s] [吞吐率：13.51req/s] [内存消耗：2,188.63kb] [文件加载：39]
[notic] [8] Undefined variable: value C:\wamp\www\application\api\controller\Index.php 第 52 行.
[notic] [2] in_array() expects parameter 2 to be array, null given C:\wamp\www\application\api\controller\Index.php 第 52 行.

[ 2016-02-03T14:08:59+08:00 ] ::1 ::1 /favicon.ico
[log] localhost/favicon.ico [运行时间：0.048003s] [吞吐率：20.83req/s] [内存消耗：699.44kb] [文件加载：22]
[error] [0] url suffix deny[C:\wamp\www\thinkphp\library\think\App.php : 367]

[ 2016-02-03T14:08:59+08:00 ] ::1 ::1 /favicon.ico
[log] localhost/favicon.ico [运行时间：0.052003s] [吞吐率：19.23req/s] [内存消耗：695.49kb] [文件加载：23]

[ 2016-02-03T14:09:10+08:00 ] ::1 ::1 /api/group/170802
[log] localhost/api/group/170802 [运行时间：0.211013s] [吞吐率：4.74req/s] [内存消耗：2,396.67kb] [文件加载：42]
[sql] SELECT * FROM `co_view_group_modfile` WHERE id='170802'  [ RunTime:0.023001s ]
[sql] SELECT * FROM `co_view_group_unmodfile` WHERE id='170802'  [ RunTime:0.001000s ]
[sql] SELECT `account`,`user_name`,`sex`,`avatar_url`,`role` FROM `co_view_group_member` WHERE id='170802'  [ RunTime:0.001001s ]
[sql] SELECT co_group.id,`name`,`validate`,`capacity`,count(user_id) as count FROM `co_group`  JOIN co_member on co_group.id=co_member.group_id  WHERE co_group.id='170802'  [ RunTime:0.001000s ]
[notic] [8] Undefined variable: cipher C:\wamp\www\application\common\controller\Base.php 第 62 行.
[notic] [8] Undefined variable: cipher C:\wamp\www\application\common\controller\Base.php 第 62 行.

[ 2016-02-03T14:09:10+08:00 ] ::1 ::1 /favicon.ico
[log] localhost/favicon.ico [运行时间：0.044003s] [吞吐率：22.73req/s] [内存消耗：699.44kb] [文件加载：22]
[error] [0] url suffix deny[C:\wamp\www\thinkphp\library\think\App.php : 367]

[ 2016-02-03T14:09:10+08:00 ] ::1 ::1 /favicon.ico
[log] localhost/favicon.ico [运行时间：0.046003s] [吞吐率：21.74req/s] [内存消耗：695.49kb] [文件加载：23]

[ 2016-02-03T14:10:14+08:00 ] ::1 ::1 /api/group/170802
[log] localhost/api/group/170802 [运行时间：0.075004s] [吞吐率：13.33req/s] [内存消耗：2,186.53kb] [文件加载：39]
[notic] [8] Undefined variable: fileInfo C:\wamp\www\application\api\controller\Index.php 第 50 行.

[ 2016-02-03T14:10:14+08:00 ] ::1 ::1 /favicon.ico
[log] localhost/favicon.ico [运行时间：0.045003s] [吞吐率：22.22req/s] [内存消耗：699.44kb] [文件加载：22]
[error] [0] url suffix deny[C:\wamp\www\thinkphp\library\think\App.php : 367]

[ 2016-02-03T14:10:14+08:00 ] ::1 ::1 /favicon.ico
[log] localhost/favicon.ico [运行时间：0.048003s] [吞吐率：20.83req/s] [内存消耗：695.49kb] [文件加载：23]

[ 2016-02-03T14:10:15+08:00 ] ::1 ::1 /api/group/170802
[log] localhost/api/group/170802 [运行时间：0.074004s] [吞吐率：13.51req/s] [内存消耗：2,186.53kb] [文件加载：39]
[notic] [8] Undefined variable: fileInfo C:\wamp\www\application\api\controller\Index.php 第 50 行.

[ 2016-02-03T14:10:15+08:00 ] ::1 ::1 /favicon.ico
[log] localhost/favicon.ico [运行时间：0.048003s] [吞吐率：20.83req/s] [内存消耗：699.44kb] [文件加载：22]
[error] [0] url suffix deny[C:\wamp\www\thinkphp\library\think\App.php : 367]

[ 2016-02-03T14:10:15+08:00 ] ::1 ::1 /favicon.ico
[log] localhost/favicon.ico [运行时间：0.051003s] [吞吐率：19.61req/s] [内存消耗：695.49kb] [文件加载：23]

[ 2016-02-03T14:10:25+08:00 ] ::1 ::1 /api/group/170802
[log] localhost/api/group/170802 [运行时间：0.205012s] [吞吐率：4.88req/s] [内存消耗：2,395.38kb] [文件加载：42]
[sql] SELECT * FROM `co_view_group_modfile` WHERE id='170802'  [ RunTime:0.001000s ]
[sql] SELECT * FROM `co_view_group_unmodfile` WHERE id='170802'  [ RunTime:0.001000s ]
[sql] SELECT `account`,`user_name`,`sex`,`avatar_url`,`role` FROM `co_view_group_member` WHERE id='170802'  [ RunTime:0.001000s ]
[sql] SELECT co_group.id,`name`,`validate`,`capacity`,count(user_id) as count FROM `co_group`  JOIN co_member on co_group.id=co_member.group_id  WHERE co_group.id='170802'  [ RunTime:0.001000s ]
[notic] [8] Undefined variable: cipher C:\wamp\www\application\common\controller\Base.php 第 62 行.
[notic] [8] Undefined variable: cipher C:\wamp\www\application\common\controller\Base.php 第 62 行.

[ 2016-02-03T14:10:26+08:00 ] ::1 ::1 /favicon.ico
[log] localhost/favicon.ico [运行时间：0.039002s] [吞吐率：25.64req/s] [内存消耗：699.44kb] [文件加载：22]
[error] [0] url suffix deny[C:\wamp\www\thinkphp\library\think\App.php : 367]

[ 2016-02-03T14:10:26+08:00 ] ::1 ::1 /favicon.ico
[log] localhost/favicon.ico [运行时间：0.041002s] [吞吐率：24.39req/s] [内存消耗：695.49kb] [文件加载：23]

[ 2016-02-03T14:34:33+08:00 ] ::1 ::1 /api/file/170808/type/unmod
[log] localhost/api/file/170808/type/unmod [运行时间：0.089204s] [吞吐率：11.21req/s] [内存消耗：2,187.42kb] [文件加载：39]

[ 2016-02-03T14:34:33+08:00 ] ::1 ::1 /favicon.ico
[log] localhost/favicon.ico [运行时间：0.037002s] [吞吐率：27.03req/s] [内存消耗：699.41kb] [文件加载：22]
[error] [0] url suffix deny[C:\wamp\www\thinkphp\library\think\App.php : 367]

[ 2016-02-03T14:34:33+08:00 ] ::1 ::1 /favicon.ico
[log] localhost/favicon.ico [运行时间：0.040002s] [吞吐率：25.00req/s] [内存消耗：695.48kb] [文件加载：23]

[ 2016-02-03T14:34:57+08:00 ] ::1 ::1 /api/file/170808/type/unmod
[log] localhost/api/file/170808/type/unmod [运行时间：0.070004s] [吞吐率：14.28req/s] [内存消耗：2,188.25kb] [文件加载：39]

[ 2016-02-03T14:34:57+08:00 ] ::1 ::1 /favicon.ico
[log] localhost/favicon.ico [运行时间：0.036002s] [吞吐率：27.78req/s] [内存消耗：699.55kb] [文件加载：22]
[error] [0] url suffix deny[C:\wamp\www\thinkphp\library\think\App.php : 367]

[ 2016-02-03T14:34:57+08:00 ] ::1 ::1 /favicon.ico
[log] localhost/favicon.ico [运行时间：0.036002s] [吞吐率：27.78req/s] [内存消耗：695.61kb] [文件加载：23]

[ 2016-02-03T14:34:58+08:00 ] ::1 ::1 /api/file/170808/type/unmod
[log] localhost/api/file/170808/type/unmod [运行时间：0.086604s] [吞吐率：11.55req/s] [内存消耗：2,188.25kb] [文件加载：39]

[ 2016-02-03T14:34:59+08:00 ] ::1 ::1 /favicon.ico
[log] localhost/favicon.ico [运行时间：0.034002s] [吞吐率：29.41req/s] [内存消耗：699.55kb] [文件加载：22]
[error] [0] url suffix deny[C:\wamp\www\thinkphp\library\think\App.php : 367]

[ 2016-02-03T14:34:59+08:00 ] ::1 ::1 /favicon.ico
[log] localhost/favicon.ico [运行时间：0.037002s] [吞吐率：27.03req/s] [内存消耗：695.61kb] [文件加载：23]

[ 2016-02-03T14:35:12+08:00 ] ::1 ::1 /api/file/170808/type/unmod
[log] localhost/api/file/170808/type/unmod [运行时间：0.076604s] [吞吐率：13.05req/s] [内存消耗：2,188.25kb] [文件加载：39]

[ 2016-02-03T14:35:12+08:00 ] ::1 ::1 /favicon.ico
[log] localhost/favicon.ico [运行时间：0.039002s] [吞吐率：25.64req/s] [内存消耗：699.55kb] [文件加载：22]
[error] [0] url suffix deny[C:\wamp\www\thinkphp\library\think\App.php : 367]

[ 2016-02-03T14:35:12+08:00 ] ::1 ::1 /favicon.ico
[log] localhost/favicon.ico [运行时间：0.041002s] [吞吐率：24.39req/s] [内存消耗：695.61kb] [文件加载：23]

[ 2016-02-03T14:36:09+08:00 ] ::1 ::1 /api/file/170808/type/unmod
[log] localhost/api/file/170808/type/unmod [运行时间：0.074004s] [吞吐率：13.51req/s] [内存消耗：2,188.94kb] [文件加载：39]

[ 2016-02-03T14:36:10+08:00 ] ::1 ::1 /favicon.ico
[log] localhost/favicon.ico [运行时间：0.046003s] [吞吐率：21.74req/s] [内存消耗：699.55kb] [文件加载：22]
[error] [0] url suffix deny[C:\wamp\www\thinkphp\library\think\App.php : 367]

[ 2016-02-03T14:36:10+08:00 ] ::1 ::1 /favicon.ico
[log] localhost/favicon.ico [运行时间：0.051003s] [吞吐率：19.61req/s] [内存消耗：695.61kb] [文件加载：23]

[ 2016-02-03T14:36:10+08:00 ] ::1 ::1 /api/file/170808/type/unmod
[log] localhost/api/file/170808/type/unmod [运行时间：0.076004s] [吞吐率：13.16req/s] [内存消耗：2,188.94kb] [文件加载：39]

[ 2016-02-03T14:36:10+08:00 ] ::1 ::1 /favicon.ico
[log] localhost/favicon.ico [运行时间：0.032002s] [吞吐率：31.25req/s] [内存消耗：699.55kb] [文件加载：22]
[error] [0] url suffix deny[C:\wamp\www\thinkphp\library\think\App.php : 367]

[ 2016-02-03T14:36:10+08:00 ] ::1 ::1 /favicon.ico
[log] localhost/favicon.ico [运行时间：0.034002s] [吞吐率：29.41req/s] [内存消耗：695.61kb] [文件加载：23]

[ 2016-02-03T14:36:43+08:00 ] ::1 ::1 /api/file/170808/unmod
[log] localhost/api/file/170808/unmod [运行时间：0.072004s] [吞吐率：13.89req/s] [内存消耗：2,188.50kb] [文件加载：39]

[ 2016-02-03T14:36:43+08:00 ] ::1 ::1 /favicon.ico
[log] localhost/favicon.ico [运行时间：0.044003s] [吞吐率：22.73req/s] [内存消耗：699.44kb] [文件加载：22]
[error] [0] url suffix deny[C:\wamp\www\thinkphp\library\think\App.php : 367]

[ 2016-02-03T14:36:43+08:00 ] ::1 ::1 /favicon.ico
[log] localhost/favicon.ico [运行时间：0.047003s] [吞吐率：21.28req/s] [内存消耗：695.49kb] [文件加载：23]

[ 2016-02-03T14:37:42+08:00 ] ::1 ::1 /api/file/170808/unmod
[log] localhost/api/file/170808/unmod [运行时间：0.070004s] [吞吐率：14.28req/s] [内存消耗：2,188.48kb] [文件加载：39]

[ 2016-02-03T14:37:42+08:00 ] ::1 ::1 /favicon.ico
[log] localhost/favicon.ico [运行时间：0.045002s] [吞吐率：22.22req/s] [内存消耗：699.56kb] [文件加载：22]
[error] [0] url suffix deny[C:\wamp\www\thinkphp\library\think\App.php : 367]

[ 2016-02-03T14:37:42+08:00 ] ::1 ::1 /favicon.ico
[log] localhost/favicon.ico [运行时间：0.049003s] [吞吐率：20.41req/s] [内存消耗：695.62kb] [文件加载：23]

[ 2016-02-03T14:37:43+08:00 ] ::1 ::1 /api/file/170808/unmod
[log] localhost/api/file/170808/unmod [运行时间：0.077005s] [吞吐率：12.99req/s] [内存消耗：2,188.48kb] [文件加载：39]

[ 2016-02-03T14:37:43+08:00 ] ::1 ::1 /favicon.ico
[log] localhost/favicon.ico [运行时间：0.029001s] [吞吐率：34.48req/s] [内存消耗：699.56kb] [文件加载：22]
[error] [0] url suffix deny[C:\wamp\www\thinkphp\library\think\App.php : 367]

[ 2016-02-03T14:37:43+08:00 ] ::1 ::1 /favicon.ico
[log] localhost/favicon.ico [运行时间：0.032001s] [吞吐率：31.25req/s] [内存消耗：695.62kb] [文件加载：23]

[ 2016-02-03T14:37:43+08:00 ] ::1 ::1 /api/file/170808/unmod
[log] localhost/api/file/170808/unmod [运行时间：0.066004s] [吞吐率：15.15req/s] [内存消耗：2,188.48kb] [文件加载：39]

[ 2016-02-03T14:37:43+08:00 ] ::1 ::1 /favicon.ico
[log] localhost/favicon.ico [运行时间：0.027001s] [吞吐率：37.04req/s] [内存消耗：699.56kb] [文件加载：22]
[error] [0] url suffix deny[C:\wamp\www\thinkphp\library\think\App.php : 367]

[ 2016-02-03T14:37:43+08:00 ] ::1 ::1 /favicon.ico
[log] localhost/favicon.ico [运行时间：0.029001s] [吞吐率：34.48req/s] [内存消耗：695.62kb] [文件加载：23]

[ 2016-02-03T14:37:43+08:00 ] ::1 ::1 /api/file/170808/unmod
[log] localhost/api/file/170808/unmod [运行时间：0.067004s] [吞吐率：14.92req/s] [内存消耗：2,188.48kb] [文件加载：39]

[ 2016-02-03T14:37:43+08:00 ] ::1 ::1 /favicon.ico
[log] localhost/favicon.ico [运行时间：0.029002s] [吞吐率：34.48req/s] [内存消耗：699.56kb] [文件加载：22]
[error] [0] url suffix deny[C:\wamp\www\thinkphp\library\think\App.php : 367]

[ 2016-02-03T14:37:43+08:00 ] ::1 ::1 /favicon.ico
[log] localhost/favicon.ico [运行时间：0.031002s] [吞吐率：32.26req/s] [内存消耗：695.62kb] [文件加载：23]

[ 2016-02-03T14:37:43+08:00 ] ::1 ::1 /api/file/170808/unmod
[log] localhost/api/file/170808/unmod [运行时间：0.116006s] [吞吐率：8.62req/s] [内存消耗：2,188.48kb] [文件加载：39]

[ 2016-02-03T14:37:43+08:00 ] ::1 ::1 /api/file/170808/unmod
[log] localhost/api/file/170808/unmod [运行时间：0.069004s] [吞吐率：14.49req/s] [内存消耗：2,187.98kb] [文件加载：39]

[ 2016-02-03T14:37:43+08:00 ] ::1 ::1 /favicon.ico
[log] localhost/favicon.ico [运行时间：0.074005s] [吞吐率：13.51req/s] [内存消耗：699.56kb] [文件加载：22]
[error] [0] url suffix deny[C:\wamp\www\thinkphp\library\think\App.php : 367]

[ 2016-02-03T14:37:43+08:00 ] ::1 ::1 /favicon.ico
[log] localhost/favicon.ico [运行时间：0.077005s] [吞吐率：12.99req/s] [内存消耗：695.62kb] [文件加载：23]

[ 2016-02-03T14:37:43+08:00 ] ::1 ::1 /favicon.ico
[log] localhost/favicon.ico [运行时间：0.033002s] [吞吐率：30.30req/s] [内存消耗：699.44kb] [文件加载：22]
[error] [0] url suffix deny[C:\wamp\www\thinkphp\library\think\App.php : 367]

[ 2016-02-03T14:37:43+08:00 ] ::1 ::1 /favicon.ico
[log] localhost/favicon.ico [运行时间：0.036002s] [吞吐率：27.78req/s] [内存消耗：695.49kb] [文件加载：23]

[ 2016-02-03T14:37:59+08:00 ] ::1 ::1 /api/file/170808/unmod
[log] localhost/api/file/170808/unmod [运行时间：0.092204s] [吞吐率：10.85req/s] [内存消耗：2,188.56kb] [文件加载：39]

[ 2016-02-03T14:38:00+08:00 ] ::1 ::1 /favicon.ico
[log] localhost/favicon.ico [运行时间：0.041002s] [吞吐率：24.39req/s] [内存消耗：699.56kb] [文件加载：22]
[error] [0] url suffix deny[C:\wamp\www\thinkphp\library\think\App.php : 367]

[ 2016-02-03T14:38:00+08:00 ] ::1 ::1 /favicon.ico
[log] localhost/favicon.ico [运行时间：0.041002s] [吞吐率：24.39req/s] [内存消耗：695.62kb] [文件加载：23]

[ 2016-02-03T14:38:00+08:00 ] ::1 ::1 /api/file/170808/unmod
[log] localhost/api/file/170808/unmod [运行时间：0.081203s] [吞吐率：12.31req/s] [内存消耗：2,188.56kb] [文件加载：39]

[ 2016-02-03T14:38:00+08:00 ] ::1 ::1 /favicon.ico
[log] localhost/favicon.ico [运行时间：0.034002s] [吞吐率：29.41req/s] [内存消耗：699.56kb] [文件加载：22]
[error] [0] url suffix deny[C:\wamp\www\thinkphp\library\think\App.php : 367]

[ 2016-02-03T14:38:00+08:00 ] ::1 ::1 /favicon.ico
[log] localhost/favicon.ico [运行时间：0.036002s] [吞吐率：27.78req/s] [内存消耗：695.62kb] [文件加载：23]

[ 2016-02-03T14:38:35+08:00 ] ::1 ::1 /api/file/170808/type/unmod
[log] localhost/api/file/170808/type/unmod [运行时间：0.091203s] [吞吐率：10.96req/s] [内存消耗：2,188.68kb] [文件加载：39]

[ 2016-02-03T14:38:35+08:00 ] ::1 ::1 /favicon.ico
[log] localhost/favicon.ico [运行时间：0.042003s] [吞吐率：23.81req/s] [内存消耗：699.41kb] [文件加载：22]
[error] [0] url suffix deny[C:\wamp\www\thinkphp\library\think\App.php : 367]

[ 2016-02-03T14:38:35+08:00 ] ::1 ::1 /favicon.ico
[log] localhost/favicon.ico [运行时间：0.045003s] [吞吐率：22.22req/s] [内存消耗：695.48kb] [文件加载：23]

[ 2016-02-03T14:38:40+08:00 ] ::1 ::1 /api/file/170808/type/unmod
[log] localhost/api/file/170808/type/unmod [运行时间：0.078603s] [吞吐率：12.72req/s] [内存消耗：2,188.88kb] [文件加载：39]

[ 2016-02-03T14:38:41+08:00 ] ::1 ::1 /favicon.ico
[log] localhost/favicon.ico [运行时间：0.032002s] [吞吐率：31.25req/s] [内存消耗：699.55kb] [文件加载：22]
[error] [0] url suffix deny[C:\wamp\www\thinkphp\library\think\App.php : 367]

[ 2016-02-03T14:38:41+08:00 ] ::1 ::1 /favicon.ico
[log] localhost/favicon.ico [运行时间：0.034002s] [吞吐率：29.41req/s] [内存消耗：695.61kb] [文件加载：23]

[ 2016-02-03T14:38:41+08:00 ] ::1 ::1 /api/file/170808/type/unmod
[log] localhost/api/file/170808/type/unmod [运行时间：0.084604s] [吞吐率：11.82req/s] [内存消耗：2,188.88kb] [文件加载：39]

[ 2016-02-03T14:38:41+08:00 ] ::1 ::1 /favicon.ico
[log] localhost/favicon.ico [运行时间：0.034002s] [吞吐率：29.41req/s] [内存消耗：699.55kb] [文件加载：22]
[error] [0] url suffix deny[C:\wamp\www\thinkphp\library\think\App.php : 367]

[ 2016-02-03T14:38:41+08:00 ] ::1 ::1 /favicon.ico
[log] localhost/favicon.ico [运行时间：0.036002s] [吞吐率：27.78req/s] [内存消耗：695.61kb] [文件加载：23]

[ 2016-02-03T14:38:41+08:00 ] ::1 ::1 /api/file/170808/type/unmod
[log] localhost/api/file/170808/type/unmod [运行时间：0.085005s] [吞吐率：11.76req/s] [内存消耗：2,188.88kb] [文件加载：39]

[ 2016-02-03T14:38:41+08:00 ] ::1 ::1 /favicon.ico
[log] localhost/favicon.ico [运行时间：0.031002s] [吞吐率：32.26req/s] [内存消耗：699.55kb] [文件加载：22]
[error] [0] url suffix deny[C:\wamp\www\thinkphp\library\think\App.php : 367]

[ 2016-02-03T14:38:41+08:00 ] ::1 ::1 /favicon.ico
[log] localhost/favicon.ico [运行时间：0.033002s] [吞吐率：30.30req/s] [内存消耗：695.61kb] [文件加载：23]

[ 2016-02-03T14:39:53+08:00 ] ::1 ::1 /api/file/170808/type/unmod
[log] localhost/api/file/170808/type/unmod [运行时间：0.066603s] [吞吐率：15.01req/s] [内存消耗：935.59kb] [文件加载：24]
[error] [10001] class [ app\api\controller\File ] not exists[C:\wamp\www\thinkphp\library\think\Loader.php : 317]

[ 2016-02-03T14:39:53+08:00 ] ::1 ::1 /api/file/170808/type/unmod
[log] localhost/api/file/170808/type/unmod [运行时间：0.068603s] [吞吐率：14.58req/s] [内存消耗：931.32kb] [文件加载：24]
[notic] autoloader error : C:\wamp\www/application/api\controller\File.php
[notic] autoloader error : C:\wamp\www/application/api\controller\Error.php

[ 2016-02-03T14:39:53+08:00 ] ::1 ::1 /favicon.ico
[log] localhost/favicon.ico [运行时间：0.045002s] [吞吐率：22.22req/s] [内存消耗：699.63kb] [文件加载：22]
[error] [0] url suffix deny[C:\wamp\www\thinkphp\library\think\App.php : 367]

[ 2016-02-03T14:39:53+08:00 ] ::1 ::1 /favicon.ico
[log] localhost/favicon.ico [运行时间：0.048002s] [吞吐率：20.83req/s] [内存消耗：695.70kb] [文件加载：23]

[ 2016-02-03T14:39:56+08:00 ] ::1 ::1 /api/file/170808
[log] localhost/api/file/170808 [运行时间：0.074603s] [吞吐率：13.40req/s] [内存消耗：2,153.70kb] [文件加载：38]

[ 2016-02-03T14:39:56+08:00 ] ::1 ::1 /favicon.ico
[log] localhost/favicon.ico [运行时间：0.033002s] [吞吐率：30.30req/s] [内存消耗：699.45kb] [文件加载：22]
[error] [0] url suffix deny[C:\wamp\www\thinkphp\library\think\App.php : 367]

[ 2016-02-03T14:39:56+08:00 ] ::1 ::1 /favicon.ico
[log] localhost/favicon.ico [运行时间：0.036002s] [吞吐率：27.78req/s] [内存消耗：695.51kb] [文件加载：23]

[ 2016-02-03T14:40:07+08:00 ] ::1 ::1 /api/file/170808
[log] localhost/api/file/170808 [运行时间：0.088604s] [吞吐率：11.29req/s] [内存消耗：2,188.45kb] [文件加载：39]

[ 2016-02-03T14:40:07+08:00 ] ::1 ::1 /favicon.ico
[log] localhost/favicon.ico [运行时间：0.033001s] [吞吐率：30.30req/s] [内存消耗：699.64kb] [文件加载：22]
[error] [0] url suffix deny[C:\wamp\www\thinkphp\library\think\App.php : 367]

[ 2016-02-03T14:40:07+08:00 ] ::1 ::1 /favicon.ico
[log] localhost/favicon.ico [运行时间：0.035002s] [吞吐率：28.57req/s] [内存消耗：695.71kb] [文件加载：23]

[ 2016-02-03T14:40:12+08:00 ] ::1 ::1 /api/file/170808
[log] localhost/api/file/170808 [运行时间：0.083604s] [吞吐率：11.96req/s] [内存消耗：2,188.70kb] [文件加载：39]

[ 2016-02-03T14:40:12+08:00 ] ::1 ::1 /favicon.ico
[log] localhost/favicon.ico [运行时间：0.031002s] [吞吐率：32.26req/s] [内存消耗：699.64kb] [文件加载：22]
[error] [0] url suffix deny[C:\wamp\www\thinkphp\library\think\App.php : 367]

[ 2016-02-03T14:40:12+08:00 ] ::1 ::1 /favicon.ico
[log] localhost/favicon.ico [运行时间：0.033002s] [吞吐率：30.30req/s] [内存消耗：695.71kb] [文件加载：23]

[ 2016-02-03T14:40:13+08:00 ] ::1 ::1 /api/file/170808
[log] localhost/api/file/170808 [运行时间：0.080004s] [吞吐率：12.50req/s] [内存消耗：2,188.70kb] [文件加载：39]

[ 2016-02-03T14:40:13+08:00 ] ::1 ::1 /favicon.ico
[log] localhost/favicon.ico [运行时间：0.029002s] [吞吐率：34.48req/s] [内存消耗：699.64kb] [文件加载：22]
[error] [0] url suffix deny[C:\wamp\www\thinkphp\library\think\App.php : 367]

[ 2016-02-03T14:40:13+08:00 ] ::1 ::1 /favicon.ico
[log] localhost/favicon.ico [运行时间：0.031002s] [吞吐率：32.26req/s] [内存消耗：695.71kb] [文件加载：23]

[ 2016-02-03T14:40:25+08:00 ] ::1 ::1 /api/file/170808
[log] localhost/api/file/170808 [运行时间：0.118606s] [吞吐率：8.43req/s] [内存消耗：2,223.05kb] [文件加载：39]
[sql] SELECT `name`,`type`,`group_id`,`url` FROM `co_file`  JOIN co_unmod_file on co_file.id=co_unmod_file.file_id  WHERE co_file.id='170808'  [ RunTime:0.001000s ]

[ 2016-02-03T14:40:26+08:00 ] ::1 ::1 /favicon.ico
[log] localhost/favicon.ico [运行时间：0.030001s] [吞吐率：33.33req/s] [内存消耗：699.64kb] [文件加载：22]
[error] [0] url suffix deny[C:\wamp\www\thinkphp\library\think\App.php : 367]

[ 2016-02-03T14:40:26+08:00 ] ::1 ::1 /favicon.ico
[log] localhost/favicon.ico [运行时间：0.032002s] [吞吐率：31.25req/s] [内存消耗：695.71kb] [文件加载：23]

[ 2016-02-03T14:40:54+08:00 ] ::1 ::1 /api/file/170808
[log] localhost/api/file/170808 [运行时间：0.116606s] [吞吐率：8.58req/s] [内存消耗：2,222.38kb] [文件加载：39]
[sql] SELECT `name`,`type`,`group_id`,`url` FROM `co_file`  JOIN co_unmod_file on co_file.id=co_unmod_file.file_id  WHERE co_file.id='170808'  [ RunTime:0.001000s ]

[ 2016-02-03T14:40:55+08:00 ] ::1 ::1 /favicon.ico
[log] localhost/favicon.ico [运行时间：0.030002s] [吞吐率：33.33req/s] [内存消耗：699.64kb] [文件加载：22]
[error] [0] url suffix deny[C:\wamp\www\thinkphp\library\think\App.php : 367]

[ 2016-02-03T14:40:55+08:00 ] ::1 ::1 /favicon.ico
[log] localhost/favicon.ico [运行时间：0.033002s] [吞吐率：30.30req/s] [内存消耗：695.71kb] [文件加载：23]

[ 2016-02-03T14:41:06+08:00 ] ::1 ::1 /api/file/170808
[log] localhost/api/file/170808 [运行时间：0.095005s] [吞吐率：10.53req/s] [内存消耗：2,222.38kb] [文件加载：39]
[sql] SELECT `name`,`type`,`group_id`,`url` FROM `co_file`  JOIN co_unmod_file on co_file.id=co_unmod_file.file_id  WHERE co_file.id='170808'  [ RunTime:0.001000s ]

[ 2016-02-03T14:41:06+08:00 ] ::1 ::1 /favicon.ico
[log] localhost/favicon.ico [运行时间：0.043002s] [吞吐率：23.25req/s] [内存消耗：699.45kb] [文件加载：22]
[error] [0] url suffix deny[C:\wamp\www\thinkphp\library\think\App.php : 367]

[ 2016-02-03T14:41:06+08:00 ] ::1 ::1 /favicon.ico
[log] localhost/favicon.ico [运行时间：0.046002s] [吞吐率：21.74req/s] [内存消耗：695.51kb] [文件加载：23]

[ 2016-02-03T14:41:42+08:00 ] ::1 ::1 /api/file/170808
[log] localhost/api/file/170808 [运行时间：0.139008s] [吞吐率：7.19req/s] [内存消耗：2,222.38kb] [文件加载：39]
[sql] SELECT `name`,`type`,`group_id`,`url` FROM `co_file`  JOIN co_unmod_file on co_file.id=co_unmod_file.file_id  WHERE co_file.id='170808'  [ RunTime:0.002001s ]

[ 2016-02-03T14:41:42+08:00 ] ::1 ::1 /favicon.ico
[log] localhost/favicon.ico [运行时间：0.044003s] [吞吐率：22.73req/s] [内存消耗：699.45kb] [文件加载：22]
[error] [0] url suffix deny[C:\wamp\www\thinkphp\library\think\App.php : 367]

[ 2016-02-03T14:41:42+08:00 ] ::1 ::1 /favicon.ico
[log] localhost/favicon.ico [运行时间：0.049003s] [吞吐率：20.41req/s] [内存消耗：695.51kb] [文件加载：23]

[ 2016-02-03T14:43:52+08:00 ] ::1 ::1 /api/file/170808
[log] localhost/api/file/170808 [运行时间：0.130007s] [吞吐率：7.69req/s] [内存消耗：2,224.11kb] [文件加载：39]
[sql] SELECT `name`,`type`,`group_id`,`url` FROM `co_file`  JOIN co_unmod_file on co_file.id=co_unmod_file.file_id  WHERE co_file.id='170808'  [ RunTime:0.001000s ]
[notic] [8] iconv(): Detected an illegal character in input string C:\wamp\www\application\api\controller\Index.php 第 167 行.

[ 2016-02-03T14:43:53+08:00 ] ::1 ::1 /favicon.ico
[log] localhost/favicon.ico [运行时间：0.048002s] [吞吐率：20.83req/s] [内存消耗：699.45kb] [文件加载：22]
[error] [0] url suffix deny[C:\wamp\www\thinkphp\library\think\App.php : 367]

[ 2016-02-03T14:43:53+08:00 ] ::1 ::1 /favicon.ico
[log] localhost/favicon.ico [运行时间：0.051002s] [吞吐率：19.61req/s] [内存消耗：695.51kb] [文件加载：23]

[ 2016-02-03T14:43:54+08:00 ] ::1 ::1 /api/file/170808
[log] localhost/api/file/170808 [运行时间：0.107006s] [吞吐率：9.35req/s] [内存消耗：2,224.11kb] [文件加载：39]
[sql] SELECT `name`,`type`,`group_id`,`url` FROM `co_file`  JOIN co_unmod_file on co_file.id=co_unmod_file.file_id  WHERE co_file.id='170808'  [ RunTime:0.001000s ]
[notic] [8] iconv(): Detected an illegal character in input string C:\wamp\www\application\api\controller\Index.php 第 167 行.

[ 2016-02-03T14:43:54+08:00 ] ::1 ::1 /favicon.ico
[log] localhost/favicon.ico [运行时间：0.041003s] [吞吐率：24.39req/s] [内存消耗：699.45kb] [文件加载：22]
[error] [0] url suffix deny[C:\wamp\www\thinkphp\library\think\App.php : 367]

[ 2016-02-03T14:43:54+08:00 ] ::1 ::1 /favicon.ico
[log] localhost/favicon.ico [运行时间：0.043003s] [吞吐率：23.25req/s] [内存消耗：695.51kb] [文件加载：23]

[ 2016-02-03T14:44:14+08:00 ] ::1 ::1 /api/file/170808
[log] localhost/api/file/170808 [运行时间：0.187010s] [吞吐率：5.35req/s] [内存消耗：2,223.08kb] [文件加载：39]
[sql] SELECT `name`,`type`,`group_id`,`url` FROM `co_file`  JOIN co_unmod_file on co_file.id=co_unmod_file.file_id  WHERE co_file.id='170808'  [ RunTime:0.002001s ]

[ 2016-02-03T14:44:14+08:00 ] ::1 ::1 /favicon.ico
[log] localhost/favicon.ico [运行时间：0.046002s] [吞吐率：21.74req/s] [内存消耗：699.45kb] [文件加载：22]
[error] [0] url suffix deny[C:\wamp\www\thinkphp\library\think\App.php : 367]

[ 2016-02-03T14:44:14+08:00 ] ::1 ::1 /favicon.ico
[log] localhost/favicon.ico [运行时间：0.049003s] [吞吐率：20.41req/s] [内存消耗：695.51kb] [文件加载：23]

[ 2016-02-03T14:44:57+08:00 ] ::1 ::1 /api/file/170808
[log] localhost/api/file/170808 [运行时间：0.209611s] [吞吐率：4.77req/s] [内存消耗：2,223.08kb] [文件加载：39]
[sql] SELECT `name`,`type`,`group_id`,`url` FROM `co_file`  JOIN co_unmod_file on co_file.id=co_unmod_file.file_id  WHERE co_file.id='170808'  [ RunTime:0.001000s ]

[ 2016-02-03T14:44:57+08:00 ] ::1 ::1 /favicon.ico
[log] localhost/favicon.ico [运行时间：0.046003s] [吞吐率：21.74req/s] [内存消耗：699.45kb] [文件加载：22]
[error] [0] url suffix deny[C:\wamp\www\thinkphp\library\think\App.php : 367]

[ 2016-02-03T14:44:57+08:00 ] ::1 ::1 /favicon.ico
[log] localhost/favicon.ico [运行时间：0.050003s] [吞吐率：20.00req/s] [内存消耗：695.51kb] [文件加载：23]

[ 2016-02-03T14:53:35+08:00 ] ::1 ::1 /group/170801
[log] localhost/group/170801 [运行时间：0.070603s] [吞吐率：14.16req/s] [内存消耗：1,354.34kb] [文件加载：34]
[notic] [2048] Declaration of app\index\controller\Index::show() should be compatible with think\Controller::show($content, $vars = Array) C:\wamp\www\application\index\controller\Index.php 第 6 行.

[ 2016-02-03T14:53:35+08:00 ] ::1 ::1 /api/info
[log] localhost/api/info [运行时间：0.159009s] [吞吐率：6.29req/s] [内存消耗：2,203.23kb] [文件加载：39]
[notic] [8] Undefined variable: cipher C:\wamp\www\application\common\controller\Base.php 第 62 行.

[ 2016-02-03T14:53:35+08:00 ] ::1 ::1 /favicon.ico
[log] localhost/favicon.ico [运行时间：0.123007s] [吞吐率：8.13req/s] [内存消耗：699.64kb] [文件加载：22]
[error] [0] url suffix deny[C:\wamp\www\thinkphp\library\think\App.php : 367]

[ 2016-02-03T14:53:35+08:00 ] ::1 ::1 /favicon.ico
[log] localhost/favicon.ico [运行时间：0.127007s] [吞吐率：7.87req/s] [内存消耗：695.71kb] [文件加载：23]

[ 2016-02-03T14:53:35+08:00 ] ::1 ::1 /api/Index/image/img/wIJotAsHe6oELelgdgX4oc8K0GAoc43zGzPU2YAMcNNtAFGDbSwywo2qB1wcZrNAAf9IBjC97e6Nzva1EdqgKfDp5TQcoyzCPCuIsZ3Lg6aKIxZSK0kO0fFNafY%3D
[log] localhost/api/Index/image/img/wIJotAsHe6oELelgdgX4oc8K0GAoc43zGzPU2YAMcNNtAFGDbSwywo2qB1wcZrNAAf9IBjC97e6Nzva1EdqgKfDp5TQcoyzCPCuIsZ3Lg6aKIxZSK0kO0fFNafY%3D [运行时间：0.197011s] [吞吐率：5.08req/s] [内存消耗：3,520.78kb] [文件加载：38]
[notic] [8] Undefined variable: cipher C:\wamp\www\application\common\controller\Base.php 第 62 行.

[ 2016-02-03T15:25:16+08:00 ] ::1 ::1 /api/file/170808
[log] localhost/api/file/170808 [运行时间：0.062004s] [吞吐率：16.13req/s] [内存消耗：934.88kb] [文件加载：24]
[error] [10001] class [ app\api\controller\File ] not exists[C:\wamp\www\thinkphp\library\think\Loader.php : 317]

[ 2016-02-03T15:25:16+08:00 ] ::1 ::1 /api/file/170808
[log] localhost/api/file/170808 [运行时间：0.064004s] [吞吐率：15.62req/s] [内存消耗：930.61kb] [文件加载：24]
[notic] autoloader error : C:\wamp\www/application/api\controller\File.php
[notic] autoloader error : C:\wamp\www/application/api\controller\Error.php

[ 2016-02-03T15:25:16+08:00 ] ::1 ::1 /favicon.ico
[log] localhost/favicon.ico [运行时间：0.051003s] [吞吐率：19.61req/s] [内存消耗：699.44kb] [文件加载：22]
[error] [0] url suffix deny[C:\wamp\www\thinkphp\library\think\App.php : 367]

[ 2016-02-03T15:25:16+08:00 ] ::1 ::1 /favicon.ico
[log] localhost/favicon.ico [运行时间：0.054003s] [吞吐率：18.52req/s] [内存消耗：695.49kb] [文件加载：23]

[ 2016-02-03T15:25:26+08:00 ] ::1 ::1 /api/file/170808
[log] localhost/api/file/170808 [运行时间：0.061004s] [吞吐率：16.39req/s] [内存消耗：934.88kb] [文件加载：24]
[error] [10001] class [ app\api\controller\File ] not exists[C:\wamp\www\thinkphp\library\think\Loader.php : 317]

[ 2016-02-03T15:25:26+08:00 ] ::1 ::1 /api/file/170808
[log] localhost/api/file/170808 [运行时间：0.064004s] [吞吐率：15.62req/s] [内存消耗：930.61kb] [文件加载：24]
[notic] autoloader error : C:\wamp\www/application/api\controller\File.php
[notic] autoloader error : C:\wamp\www/application/api\controller\Error.php

[ 2016-02-03T15:25:26+08:00 ] ::1 ::1 /favicon.ico
[log] localhost/favicon.ico [运行时间：0.059003s] [吞吐率：16.95req/s] [内存消耗：699.44kb] [文件加载：22]
[error] [0] url suffix deny[C:\wamp\www\thinkphp\library\think\App.php : 367]

[ 2016-02-03T15:25:26+08:00 ] ::1 ::1 /favicon.ico
[log] localhost/favicon.ico [运行时间：0.062003s] [吞吐率：16.13req/s] [内存消耗：695.49kb] [文件加载：23]

[ 2016-02-03T15:25:27+08:00 ] ::1 ::1 /api/file/170808
[log] localhost/api/file/170808 [运行时间：0.046002s] [吞吐率：21.74req/s] [内存消耗：934.88kb] [文件加载：24]
[error] [10001] class [ app\api\controller\File ] not exists[C:\wamp\www\thinkphp\library\think\Loader.php : 317]

[ 2016-02-03T15:25:27+08:00 ] ::1 ::1 /api/file/170808
[log] localhost/api/file/170808 [运行时间：0.048002s] [吞吐率：20.83req/s] [内存消耗：930.61kb] [文件加载：24]
[notic] autoloader error : C:\wamp\www/application/api\controller\File.php
[notic] autoloader error : C:\wamp\www/application/api\controller\Error.php

[ 2016-02-03T15:25:27+08:00 ] ::1 ::1 /favicon.ico
[log] localhost/favicon.ico [运行时间：0.035002s] [吞吐率：28.57req/s] [内存消耗：699.44kb] [文件加载：22]
[error] [0] url suffix deny[C:\wamp\www\thinkphp\library\think\App.php : 367]

[ 2016-02-03T15:25:27+08:00 ] ::1 ::1 /favicon.ico
[log] localhost/favicon.ico [运行时间：0.039003s] [吞吐率：25.64req/s] [内存消耗：695.49kb] [文件加载：23]

[ 2016-02-03T15:25:27+08:00 ] ::1 ::1 /api/file/170808
[log] localhost/api/file/170808 [运行时间：0.050003s] [吞吐率：20.00req/s] [内存消耗：934.88kb] [文件加载：24]
[error] [10001] class [ app\api\controller\File ] not exists[C:\wamp\www\thinkphp\library\think\Loader.php : 317]

[ 2016-02-03T15:25:27+08:00 ] ::1 ::1 /api/file/170808
[log] localhost/api/file/170808 [运行时间：0.052003s] [吞吐率：19.23req/s] [内存消耗：930.61kb] [文件加载：24]
[notic] autoloader error : C:\wamp\www/application/api\controller\File.php
[notic] autoloader error : C:\wamp\www/application/api\controller\Error.php

[ 2016-02-03T15:25:27+08:00 ] ::1 ::1 /favicon.ico
[log] localhost/favicon.ico [运行时间：0.046003s] [吞吐率：21.74req/s] [内存消耗：699.44kb] [文件加载：22]
[error] [0] url suffix deny[C:\wamp\www\thinkphp\library\think\App.php : 367]

[ 2016-02-03T15:25:27+08:00 ] ::1 ::1 /favicon.ico
[log] localhost/favicon.ico [运行时间：0.048003s] [吞吐率：20.83req/s] [内存消耗：695.49kb] [文件加载：23]

[ 2016-02-03T15:25:28+08:00 ] ::1 ::1 /api/file/170808
[log] localhost/api/file/170808 [运行时间：0.050003s] [吞吐率：20.00req/s] [内存消耗：934.88kb] [文件加载：24]
[error] [10001] class [ app\api\controller\File ] not exists[C:\wamp\www\thinkphp\library\think\Loader.php : 317]

[ 2016-02-03T15:25:28+08:00 ] ::1 ::1 /api/file/170808
[log] localhost/api/file/170808 [运行时间：0.052003s] [吞吐率：19.23req/s] [内存消耗：930.61kb] [文件加载：24]
[notic] autoloader error : C:\wamp\www/application/api\controller\File.php
[notic] autoloader error : C:\wamp\www/application/api\controller\Error.php

[ 2016-02-03T15:25:28+08:00 ] ::1 ::1 /favicon.ico
[log] localhost/favicon.ico [运行时间：0.045002s] [吞吐率：22.22req/s] [内存消耗：699.44kb] [文件加载：22]
[error] [0] url suffix deny[C:\wamp\www\thinkphp\library\think\App.php : 367]

[ 2016-02-03T15:25:28+08:00 ] ::1 ::1 /favicon.ico
[log] localhost/favicon.ico [运行时间：0.048002s] [吞吐率：20.83req/s] [内存消耗：695.49kb] [文件加载：23]

[ 2016-02-03T15:25:33+08:00 ] ::1 ::1 /api/file/170808
[log] localhost/api/file/170808 [运行时间：0.056003s] [吞吐率：17.86req/s] [内存消耗：934.88kb] [文件加载：24]
[error] [10001] class [ app\api\controller\File ] not exists[C:\wamp\www\thinkphp\library\think\Loader.php : 317]

[ 2016-02-03T15:25:33+08:00 ] ::1 ::1 /api/file/170808
[log] localhost/api/file/170808 [运行时间：0.058003s] [吞吐率：17.24req/s] [内存消耗：930.61kb] [文件加载：24]
[notic] autoloader error : C:\wamp\www/application/api\controller\File.php
[notic] autoloader error : C:\wamp\www/application/api\controller\Error.php

[ 2016-02-03T15:25:33+08:00 ] ::1 ::1 /favicon.ico
[log] localhost/favicon.ico [运行时间：0.044003s] [吞吐率：22.73req/s] [内存消耗：699.44kb] [文件加载：22]
[error] [0] url suffix deny[C:\wamp\www\thinkphp\library\think\App.php : 367]

[ 2016-02-03T15:25:33+08:00 ] ::1 ::1 /favicon.ico
[log] localhost/favicon.ico [运行时间：0.046003s] [吞吐率：21.74req/s] [内存消耗：695.49kb] [文件加载：23]

[ 2016-02-03T15:25:38+08:00 ] ::1 ::1 /api/file/170808/unmod
[log] localhost/api/file/170808/unmod [运行时间：0.278615s] [吞吐率：3.59req/s] [内存消耗：2,223.13kb] [文件加载：39]
[sql] SELECT `name`,`type`,`group_id`,`url` FROM `co_file`  JOIN co_unmod_file on co_file.id=co_unmod_file.file_id  WHERE co_file.id='170808'  [ RunTime:0.003000s ]

[ 2016-02-03T15:25:39+08:00 ] ::1 ::1 /favicon.ico
[log] localhost/favicon.ico [运行时间：0.039002s] [吞吐率：25.64req/s] [内存消耗：699.44kb] [文件加载：22]
[error] [0] url suffix deny[C:\wamp\www\thinkphp\library\think\App.php : 367]

[ 2016-02-03T15:25:39+08:00 ] ::1 ::1 /favicon.ico
[log] localhost/favicon.ico [运行时间：0.041002s] [吞吐率：24.39req/s] [内存消耗：695.49kb] [文件加载：23]

[ 2016-02-03T15:28:32+08:00 ] ::1 ::1 /api/file/170808/unmod
[log] localhost/api/file/170808/unmod [运行时间：0.123007s] [吞吐率：8.13req/s] [内存消耗：2,223.27kb] [文件加载：39]
[sql] SELECT `name`,`type`,`group_id`,`url` FROM `co_file`  JOIN co_unmod_file on co_file.id=co_unmod_file.file_id  WHERE co_file.id='170808'  [ RunTime:0.001000s ]

[ 2016-02-03T15:28:32+08:00 ] ::1 ::1 /favicon.ico
[log] localhost/favicon.ico [运行时间：0.046003s] [吞吐率：21.74req/s] [内存消耗：699.44kb] [文件加载：22]
[error] [0] url suffix deny[C:\wamp\www\thinkphp\library\think\App.php : 367]

[ 2016-02-03T15:28:32+08:00 ] ::1 ::1 /favicon.ico
[log] localhost/favicon.ico [运行时间：0.049003s] [吞吐率：20.41req/s] [内存消耗：695.49kb] [文件加载：23]

[ 2016-02-03T15:40:37+08:00 ] ::1 ::1 /api/group/170802
[log] localhost/api/group/170802 [运行时间：0.751043s] [吞吐率：1.33req/s] [内存消耗：2,398.84kb] [文件加载：42]
[sql] SELECT * FROM `co_view_group_modfile` WHERE id='170802'  [ RunTime:0.002000s ]
[sql] SELECT * FROM `co_view_group_unmodfile` WHERE id='170802'  [ RunTime:0.002000s ]
[sql] SELECT `account`,`user_name`,`sex`,`avatar_url`,`role` FROM `co_view_group_member` WHERE id='170802'  [ RunTime:0.001000s ]
[sql] SELECT co_group.id,`name`,`validate`,`capacity`,count(user_id) as count FROM `co_group`  JOIN co_member on co_group.id=co_member.group_id  WHERE co_group.id='170802'  [ RunTime:0.002001s ]
[notic] [8] Undefined variable: cipher C:\wamp\www\application\common\controller\Base.php 第 62 行.
[notic] [8] Undefined variable: cipher C:\wamp\www\application\common\controller\Base.php 第 62 行.

[ 2016-02-03T15:40:37+08:00 ] ::1 ::1 /favicon.ico
[log] localhost/favicon.ico [运行时间：0.060003s] [吞吐率：16.67req/s] [内存消耗：699.44kb] [文件加载：22]
[error] [0] url suffix deny[C:\wamp\www\thinkphp\library\think\App.php : 367]

[ 2016-02-03T15:40:37+08:00 ] ::1 ::1 /favicon.ico
[log] localhost/favicon.ico [运行时间：0.063003s] [吞吐率：15.87req/s] [内存消耗：695.49kb] [文件加载：23]

[ 2016-02-03T15:41:45+08:00 ] ::1 ::1 /api/group/170802
[log] localhost/api/group/170802 [运行时间：0.219012s] [吞吐率：4.57req/s] [内存消耗：2,398.84kb] [文件加载：42]
[sql] SELECT * FROM `co_view_group_modfile` WHERE id='170802'  [ RunTime:0.002000s ]
[sql] SELECT * FROM `co_view_group_unmodfile` WHERE id='170802'  [ RunTime:0.001000s ]
[sql] SELECT `account`,`user_name`,`sex`,`avatar_url`,`role` FROM `co_view_group_member` WHERE id='170802'  [ RunTime:0.001000s ]
[sql] SELECT co_group.id,`name`,`validate`,`capacity`,count(user_id) as count FROM `co_group`  JOIN co_member on co_group.id=co_member.group_id  WHERE co_group.id='170802'  [ RunTime:0.001000s ]
[notic] [8] Undefined variable: cipher C:\wamp\www\application\common\controller\Base.php 第 62 行.
[notic] [8] Undefined variable: cipher C:\wamp\www\application\common\controller\Base.php 第 62 行.

[ 2016-02-03T15:41:45+08:00 ] ::1 ::1 /favicon.ico
[log] localhost/favicon.ico [运行时间：0.045003s] [吞吐率：22.22req/s] [内存消耗：699.44kb] [文件加载：22]
[error] [0] url suffix deny[C:\wamp\www\thinkphp\library\think\App.php : 367]

[ 2016-02-03T15:41:45+08:00 ] ::1 ::1 /favicon.ico
[log] localhost/favicon.ico [运行时间：0.048003s] [吞吐率：20.83req/s] [内存消耗：695.49kb] [文件加载：23]

[ 2016-02-03T15:44:11+08:00 ] ::1 ::1 /api/group/170802
[log] localhost/api/group/170802 [运行时间：0.244014s] [吞吐率：4.10req/s] [内存消耗：2,398.77kb] [文件加载：42]
[sql] SELECT * FROM `co_view_group_modfile` WHERE id='170802'  [ RunTime:0.002000s ]
[sql] SELECT * FROM `co_view_group_unmodfile` WHERE id='170802'  [ RunTime:0.002000s ]
[sql] SELECT `account`,`user_name`,`sex`,`avatar_url`,`role` FROM `co_view_group_member` WHERE id='170802'  [ RunTime:0.001001s ]
[sql] SELECT co_group.id,`name`,`validate`,`capacity`,count(user_id) as count FROM `co_group`  JOIN co_member on co_group.id=co_member.group_id  WHERE co_group.id='170802'  [ RunTime:0.001000s ]
[notic] [8] Undefined variable: cipher C:\wamp\www\application\common\controller\Base.php 第 62 行.
[notic] [8] Undefined variable: cipher C:\wamp\www\application\common\controller\Base.php 第 62 行.

[ 2016-02-03T15:44:11+08:00 ] ::1 ::1 /favicon.ico
[log] localhost/favicon.ico [运行时间：0.057003s] [吞吐率：17.54req/s] [内存消耗：699.44kb] [文件加载：22]
[error] [0] url suffix deny[C:\wamp\www\thinkphp\library\think\App.php : 367]

[ 2016-02-03T15:44:11+08:00 ] ::1 ::1 /favicon.ico
[log] localhost/favicon.ico [运行时间：0.060003s] [吞吐率：16.67req/s] [内存消耗：695.49kb] [文件加载：23]

[ 2016-02-03T15:45:14+08:00 ] ::1 ::1 /api/group/170802
[log] localhost/api/group/170802 [运行时间：0.210012s] [吞吐率：4.76req/s] [内存消耗：2,398.80kb] [文件加载：42]
[sql] SELECT * FROM `co_view_group_modfile` WHERE id='170802'  [ RunTime:0.001000s ]
[sql] SELECT * FROM `co_view_group_unmodfile` WHERE id='170802'  [ RunTime:0.002000s ]
[sql] SELECT `account`,`user_name`,`sex`,`avatar_url`,`role` FROM `co_view_group_member` WHERE id='170802'  [ RunTime:0.002000s ]
[sql] SELECT co_group.id,`name`,`validate`,`capacity`,count(user_id) as count FROM `co_group`  JOIN co_member on co_group.id=co_member.group_id  WHERE co_group.id='170802'  [ RunTime:0.002001s ]
[notic] [8] Undefined variable: cipher C:\wamp\www\application\common\controller\Base.php 第 62 行.
[notic] [8] Undefined variable: cipher C:\wamp\www\application\common\controller\Base.php 第 62 行.

[ 2016-02-03T15:45:14+08:00 ] ::1 ::1 /favicon.ico
[log] localhost/favicon.ico [运行时间：0.051003s] [吞吐率：19.61req/s] [内存消耗：699.44kb] [文件加载：22]
[error] [0] url suffix deny[C:\wamp\www\thinkphp\library\think\App.php : 367]

[ 2016-02-03T15:45:14+08:00 ] ::1 ::1 /favicon.ico
[log] localhost/favicon.ico [运行时间：0.055003s] [吞吐率：18.18req/s] [内存消耗：695.49kb] [文件加载：23]

[ 2016-02-03T16:25:46+08:00 ] ::1 ::1 /api/download/170800
[log] localhost/api/download/170800 [运行时间：0.125007s] [吞吐率：8.00req/s] [内存消耗：2,257.25kb] [文件加载：40]
[sql] SELECT `name`,`group_id`,`url` FROM `co_file`  JOIN co_unmod_file on co_file.id=co_unmod_file.file_id  WHERE co_file.id='170800'  [ RunTime:0.002000s ]
[notic] [8] Undefined variable: file_count C:\wamp\www\application\api\controller\Index.php 第 217 行.

[ 2016-02-03T16:48:44+08:00 ] ::1 ::1 /api/file/170808/unmod
[log] localhost/api/file/170808/unmod [运行时间：0.096005s] [吞吐率：10.42req/s] [内存消耗：2,223.27kb] [文件加载：39]
[sql] SELECT `name`,`type`,`group_id`,`url` FROM `co_file`  JOIN co_unmod_file on co_file.id=co_unmod_file.file_id  WHERE co_file.id='170808'  [ RunTime:0.002000s ]

[ 2016-02-03T16:48:45+08:00 ] ::1 ::1 /favicon.ico
[log] localhost/favicon.ico [运行时间：0.044003s] [吞吐率：22.73req/s] [内存消耗：699.44kb] [文件加载：22]
[error] [0] url suffix deny[C:\wamp\www\thinkphp\library\think\App.php : 367]

[ 2016-02-03T16:48:45+08:00 ] ::1 ::1 /favicon.ico
[log] localhost/favicon.ico [运行时间：0.047003s] [吞吐率：21.28req/s] [内存消耗：695.49kb] [文件加载：23]

[ 2016-02-03T16:48:46+08:00 ] ::1 ::1 /api/group/170802
[log] localhost/api/group/170802 [运行时间：0.216013s] [吞吐率：4.63req/s] [内存消耗：2,398.80kb] [文件加载：42]
[sql] SELECT * FROM `co_view_group_modfile` WHERE id='170802'  [ RunTime:0.001000s ]
[sql] SELECT * FROM `co_view_group_unmodfile` WHERE id='170802'  [ RunTime:0.001000s ]
[sql] SELECT `account`,`user_name`,`sex`,`avatar_url`,`role` FROM `co_view_group_member` WHERE id='170802'  [ RunTime:0.001000s ]
[sql] SELECT co_group.id,`name`,`validate`,`capacity`,count(user_id) as count FROM `co_group`  JOIN co_member on co_group.id=co_member.group_id  WHERE co_group.id='170802'  [ RunTime:0.002000s ]
[notic] [8] Undefined variable: cipher C:\wamp\www\application\common\controller\Base.php 第 62 行.
[notic] [8] Undefined variable: cipher C:\wamp\www\application\common\controller\Base.php 第 62 行.

[ 2016-02-03T16:48:47+08:00 ] ::1 ::1 /favicon.ico
[log] localhost/favicon.ico [运行时间：0.040002s] [吞吐率：25.00req/s] [内存消耗：699.44kb] [文件加载：22]
[error] [0] url suffix deny[C:\wamp\www\thinkphp\library\think\App.php : 367]

[ 2016-02-03T16:48:47+08:00 ] ::1 ::1 /favicon.ico
[log] localhost/favicon.ico [运行时间：0.042002s] [吞吐率：23.81req/s] [内存消耗：695.49kb] [文件加载：23]

[ 2016-02-03T17:01:52+08:00 ] ::1 ::1 /group/170801
[log] localhost/group/170801 [运行时间：0.061004s] [吞吐率：16.39req/s] [内存消耗：1,354.31kb] [文件加载：34]
[notic] [2048] Declaration of app\index\controller\Index::show() should be compatible with think\Controller::show($content, $vars = Array) C:\wamp\www\application\index\controller\Index.php 第 6 行.

[ 2016-02-03T17:01:52+08:00 ] ::1 ::1 /api/info
[log] localhost/api/info [运行时间：0.162009s] [吞吐率：6.17req/s] [内存消耗：2,203.23kb] [文件加载：39]
[notic] [8] Undefined variable: cipher C:\wamp\www\application\common\controller\Base.php 第 62 行.

[ 2016-02-03T17:01:52+08:00 ] ::1 ::1 /favicon.ico
[log] localhost/favicon.ico [运行时间：0.112007s] [吞吐率：8.93req/s] [内存消耗：699.56kb] [文件加载：22]
[error] [0] url suffix deny[C:\wamp\www\thinkphp\library\think\App.php : 367]

[ 2016-02-03T17:01:52+08:00 ] ::1 ::1 /favicon.ico
[log] localhost/favicon.ico [运行时间：0.115007s] [吞吐率：8.70req/s] [内存消耗：695.62kb] [文件加载：23]

[ 2016-02-03T17:01:52+08:00 ] ::1 ::1 /api/Index/image/img/wIJotAsHe6oELelgdgX4oc8K0GAoc43zGzPU2YAMcNNtAFGDbSwywo2qB1wcZrNAAf9IBjC97e6Nzva1EdqgKfDp5TQcoyzCPCuIsZ3Lg6aKIxZSK0kO0fFNafY%3D
[log] localhost/api/Index/image/img/wIJotAsHe6oELelgdgX4oc8K0GAoc43zGzPU2YAMcNNtAFGDbSwywo2qB1wcZrNAAf9IBjC97e6Nzva1EdqgKfDp5TQcoyzCPCuIsZ3Lg6aKIxZSK0kO0fFNafY%3D [运行时间：0.113403s] [吞吐率：8.82req/s] [内存消耗：3,520.91kb] [文件加载：38]
[notic] [8] Undefined variable: cipher C:\wamp\www\application\common\controller\Base.php 第 62 行.

[ 2016-02-03T17:01:54+08:00 ] ::1 ::1 /group/170801
[log] localhost/group/170801 [运行时间：0.065004s] [吞吐率：15.38req/s] [内存消耗：1,354.31kb] [文件加载：34]
[notic] [2048] Declaration of app\index\controller\Index::show() should be compatible with think\Controller::show($content, $vars = Array) C:\wamp\www\application\index\controller\Index.php 第 6 行.

[ 2016-02-03T17:01:54+08:00 ] ::1 ::1 /api/info
[log] localhost/api/info [运行时间：0.137008s] [吞吐率：7.30req/s] [内存消耗：2,203.23kb] [文件加载：39]
[notic] [8] Undefined variable: cipher C:\wamp\www\application\common\controller\Base.php 第 62 行.

[ 2016-02-03T17:01:54+08:00 ] ::1 ::1 /favicon.ico
[log] localhost/favicon.ico [运行时间：0.122007s] [吞吐率：8.20req/s] [内存消耗：699.56kb] [文件加载：22]
[error] [0] url suffix deny[C:\wamp\www\thinkphp\library\think\App.php : 367]

[ 2016-02-03T17:01:54+08:00 ] ::1 ::1 /favicon.ico
[log] localhost/favicon.ico [运行时间：0.124007s] [吞吐率：8.06req/s] [内存消耗：695.62kb] [文件加载：23]

[ 2016-02-03T17:01:54+08:00 ] ::1 ::1 /api/Index/image/img/wIJotAsHe6oELelgdgX4oc8K0GAoc43zGzPU2YAMcNNtAFGDbSwywo2qB1wcZrNAAf9IBjC97e6Nzva1EdqgKfDp5TQcoyzCPCuIsZ3Lg6aKIxZSK0kO0fFNafY%3D
[log] localhost/api/Index/image/img/wIJotAsHe6oELelgdgX4oc8K0GAoc43zGzPU2YAMcNNtAFGDbSwywo2qB1wcZrNAAf9IBjC97e6Nzva1EdqgKfDp5TQcoyzCPCuIsZ3Lg6aKIxZSK0kO0fFNafY%3D [运行时间：0.123205s] [吞吐率：8.12req/s] [内存消耗：3,520.91kb] [文件加载：38]
[notic] [8] Undefined variable: cipher C:\wamp\www\application\common\controller\Base.php 第 62 行.

[ 2016-02-03T17:01:55+08:00 ] ::1 ::1 /group/170801
[log] localhost/group/170801 [运行时间：0.076203s] [吞吐率：13.12req/s] [内存消耗：1,354.31kb] [文件加载：34]
[notic] [2048] Declaration of app\index\controller\Index::show() should be compatible with think\Controller::show($content, $vars = Array) C:\wamp\www\application\index\controller\Index.php 第 6 行.

[ 2016-02-03T17:01:56+08:00 ] ::1 ::1 /api/info
[log] localhost/api/info [运行时间：0.136008s] [吞吐率：7.35req/s] [内存消耗：2,203.23kb] [文件加载：39]
[notic] [8] Undefined variable: cipher C:\wamp\www\application\common\controller\Base.php 第 62 行.

[ 2016-02-03T17:01:56+08:00 ] ::1 ::1 /favicon.ico
[log] localhost/favicon.ico [运行时间：0.113006s] [吞吐率：8.85req/s] [内存消耗：699.56kb] [文件加载：22]
[error] [0] url suffix deny[C:\wamp\www\thinkphp\library\think\App.php : 367]

[ 2016-02-03T17:01:56+08:00 ] ::1 ::1 /favicon.ico
[log] localhost/favicon.ico [运行时间：0.116007s] [吞吐率：8.62req/s] [内存消耗：695.62kb] [文件加载：23]

[ 2016-02-03T17:01:56+08:00 ] ::1 ::1 /api/Index/image/img/wIJotAsHe6oELelgdgX4oc8K0GAoc43zGzPU2YAMcNNtAFGDbSwywo2qB1wcZrNAAf9IBjC97e6Nzva1EdqgKfDp5TQcoyzCPCuIsZ3Lg6aKIxZSK0kO0fFNafY%3D
[log] localhost/api/Index/image/img/wIJotAsHe6oELelgdgX4oc8K0GAoc43zGzPU2YAMcNNtAFGDbSwywo2qB1wcZrNAAf9IBjC97e6Nzva1EdqgKfDp5TQcoyzCPCuIsZ3Lg6aKIxZSK0kO0fFNafY%3D [运行时间：0.135404s] [吞吐率：7.39req/s] [内存消耗：3,520.91kb] [文件加载：38]
[notic] [8] Undefined variable: cipher C:\wamp\www\application\common\controller\Base.php 第 62 行.

